<?xml version="1.0" encoding="UTF-8" standalone="yes"?><!DOCTYPE report PUBLIC "-//JACOCO//DTD Report 1.1//EN" "report.dtd"><report name="user-management-service"><sessioninfo id="DESKTOP-4ESTKVC-13a98b74" start="1614171724073" dump="1614171730630"/><package name="com/painscript/usermanagement/controller"><class name="com/painscript/usermanagement/controller/ExceptionControllerAdvice" sourcefilename="ExceptionControllerAdvice.java"><method name="&lt;init&gt;" desc="()V" line="23"><counter type="INSTRUCTION" missed="0" covered="3"/><counter type="LINE" missed="0" covered="1"/><counter type="COMPLEXITY" missed="0" covered="1"/><counter type="METHOD" missed="0" covered="1"/></method><method name="exceptionHandler" desc="(Ljava/lang/Exception;)Lorg/springframework/http/ResponseEntity;" line="46"><counter type="INSTRUCTION" missed="0" covered="47"/><counter type="BRANCH" missed="0" covered="2"/><counter type="LINE" missed="0" covered="10"/><counter type="COMPLEXITY" missed="0" covered="2"/><counter type="METHOD" missed="0" covered="1"/></method><counter type="INSTRUCTION" missed="0" covered="50"/><counter type="BRANCH" missed="0" covered="2"/><counter type="LINE" missed="0" covered="11"/><counter type="COMPLEXITY" missed="0" covered="3"/><counter type="METHOD" missed="0" covered="2"/><counter type="CLASS" missed="0" covered="1"/></class><class name="com/painscript/usermanagement/controller/UserManagementController" sourcefilename="UserManagementController.java"><method name="&lt;init&gt;" desc="()V" line="53"><counter type="INSTRUCTION" missed="0" covered="8"/><counter type="LINE" missed="0" covered="2"/><counter type="COMPLEXITY" missed="0" covered="1"/><counter type="METHOD" missed="0" covered="1"/></method><method name="getProfile" desc="(Ljava/lang/Integer;)Lcom/painscript/usermanagement/dto/UserDTO;" line="89"><counter type="INSTRUCTION" missed="0" covered="18"/><counter type="LINE" missed="0" covered="3"/><counter type="COMPLEXITY" missed="0" covered="1"/><counter type="METHOD" missed="0" covered="1"/></method><method name="createUser" desc="(Lcom/painscript/usermanagement/dto/UserDTO;Ljava/lang/String;)Lcom/painscript/usermanagement/dto/StatusDTO;" line="105"><counter type="INSTRUCTION" missed="0" covered="89"/><counter type="BRANCH" missed="1" covered="1"/><counter type="LINE" missed="0" covered="12"/><counter type="COMPLEXITY" missed="1" covered="1"/><counter type="METHOD" missed="0" covered="1"/></method><method name="getAdminDashboardData" desc="(Ljava/lang/Integer;Ljava/lang/String;)Ljava/lang/Object;" line="132"><counter type="INSTRUCTION" missed="0" covered="21"/><counter type="LINE" missed="0" covered="2"/><counter type="COMPLEXITY" missed="0" covered="1"/><counter type="METHOD" missed="0" covered="1"/></method><method name="getSiteAdminDashboardData" desc="(Ljava/lang/Integer;)Ljava/lang/Object;" line="147"><counter type="INSTRUCTION" missed="0" covered="16"/><counter type="LINE" missed="0" covered="2"/><counter type="COMPLEXITY" missed="0" covered="1"/><counter type="METHOD" missed="0" covered="1"/></method><method name="getPhysicianDashboardData" desc="(Ljava/lang/Integer;Ljava/lang/Integer;)Ljava/lang/Object;" line="163"><counter type="INSTRUCTION" missed="0" covered="21"/><counter type="LINE" missed="0" covered="2"/><counter type="COMPLEXITY" missed="0" covered="1"/><counter type="METHOD" missed="0" covered="1"/></method><method name="getSites" desc="()Ljava/lang/Object;" line="173"><counter type="INSTRUCTION" missed="0" covered="6"/><counter type="LINE" missed="0" covered="2"/><counter type="COMPLEXITY" missed="0" covered="1"/><counter type="METHOD" missed="0" covered="1"/></method><method name="changePassword" desc="(Lcom/painscript/usermanagement/dto/ChangePasswordDTO;Ljava/lang/Integer;)Lcom/painscript/usermanagement/dto/StatusDTO;" line="189"><counter type="INSTRUCTION" missed="0" covered="59"/><counter type="LINE" missed="0" covered="9"/><counter type="COMPLEXITY" missed="0" covered="1"/><counter type="METHOD" missed="0" covered="1"/></method><method name="resetPassword" desc="(Ljava/lang/Integer;)Lcom/painscript/usermanagement/dto/StatusDTO;" line="209"><counter type="INSTRUCTION" missed="0" covered="56"/><counter type="LINE" missed="0" covered="8"/><counter type="COMPLEXITY" missed="0" covered="1"/><counter type="METHOD" missed="0" covered="1"/></method><method name="registerSite" desc="(Lcom/painscript/usermanagement/dto/RegisterSiteDTO;)Lcom/painscript/usermanagement/dto/StatusDTO;" line="229"><counter type="INSTRUCTION" missed="0" covered="73"/><counter type="LINE" missed="0" covered="10"/><counter type="COMPLEXITY" missed="0" covered="1"/><counter type="METHOD" missed="0" covered="1"/></method><method name="getProfilePhoto" desc="(Ljava/lang/Integer;)Ljava/util/Map;" line="251"><counter type="INSTRUCTION" missed="0" covered="27"/><counter type="LINE" missed="0" covered="5"/><counter type="COMPLEXITY" missed="0" covered="1"/><counter type="METHOD" missed="0" covered="1"/></method><method name="createAuditLogFromHeaders" desc="(Ljava/lang/String;Ljava/lang/String;)Lcom/painscript/usermanagement/dto/AuditDTO;" line="269"><counter type="INSTRUCTION" missed="0" covered="37"/><counter type="LINE" missed="0" covered="8"/><counter type="COMPLEXITY" missed="0" covered="1"/><counter type="METHOD" missed="0" covered="1"/></method><method name="getPhysiciansOfPatient" desc="(Ljava/lang/Integer;)Ljava/util/List;" line="290"><counter type="INSTRUCTION" missed="0" covered="25"/><counter type="LINE" missed="0" covered="3"/><counter type="COMPLEXITY" missed="0" covered="1"/><counter type="METHOD" missed="0" covered="1"/></method><method name="getPhysicians" desc="(Ljava/lang/Integer;Ljava/lang/String;)Ljava/util/List;" line="307"><counter type="INSTRUCTION" missed="0" covered="28"/><counter type="LINE" missed="0" covered="3"/><counter type="COMPLEXITY" missed="0" covered="1"/><counter type="METHOD" missed="0" covered="1"/></method><method name="getPhysiciansLookup" desc="(Ljava/lang/Integer;Ljava/lang/String;)Ljava/util/List;" line="324"><counter type="INSTRUCTION" missed="0" covered="40"/><counter type="BRANCH" missed="1" covered="3"/><counter type="LINE" missed="0" covered="7"/><counter type="COMPLEXITY" missed="1" covered="2"/><counter type="METHOD" missed="0" covered="1"/></method><method name="getPatientDetails" desc="(Ljava/lang/Integer;)Ljava/util/List;" line="352"><counter type="INSTRUCTION" missed="0" covered="30"/><counter type="LINE" missed="0" covered="4"/><counter type="COMPLEXITY" missed="0" covered="1"/><counter type="METHOD" missed="0" covered="1"/></method><method name="getPatients" desc="(Ljava/lang/Integer;)Ljava/util/List;" line="369"><counter type="INSTRUCTION" missed="0" covered="30"/><counter type="LINE" missed="0" covered="4"/><counter type="COMPLEXITY" missed="0" covered="1"/><counter type="METHOD" missed="0" covered="1"/></method><method name="updateSiteInfo" desc="(Ljava/lang/Integer;Lcom/painscript/usermanagement/dto/SiteDTO;)Lcom/painscript/usermanagement/dto/StatusDTO;" line="387"><counter type="INSTRUCTION" missed="0" covered="65"/><counter type="LINE" missed="0" covered="10"/><counter type="COMPLEXITY" missed="0" covered="1"/><counter type="METHOD" missed="0" covered="1"/></method><method name="getSiteDetails" desc="(Ljava/lang/Integer;)Lcom/painscript/usermanagement/dto/SiteDTO;" line="410"><counter type="INSTRUCTION" missed="0" covered="29"/><counter type="LINE" missed="0" covered="4"/><counter type="COMPLEXITY" missed="0" covered="1"/><counter type="METHOD" missed="0" covered="1"/></method><method name="updateUserInfo" desc="(Ljava/lang/Integer;Lcom/painscript/usermanagement/dto/UserDTO;)Lcom/painscript/usermanagement/dto/StatusDTO;" line="429"><counter type="INSTRUCTION" missed="0" covered="66"/><counter type="LINE" missed="0" covered="9"/><counter type="COMPLEXITY" missed="0" covered="1"/><counter type="METHOD" missed="0" covered="1"/></method><method name="addLicenses" desc="(Ljava/lang/Integer;Ljava/lang/Integer;)Lcom/painscript/usermanagement/dto/StatusDTO;" line="451"><counter type="INSTRUCTION" missed="0" covered="76"/><counter type="LINE" missed="0" covered="9"/><counter type="COMPLEXITY" missed="0" covered="1"/><counter type="METHOD" missed="0" covered="1"/></method><method name="disableUserFromSite" desc="(Ljava/lang/Integer;Ljava/lang/Integer;)Lcom/painscript/usermanagement/dto/StatusDTO;" line="473"><counter type="INSTRUCTION" missed="0" covered="74"/><counter type="LINE" missed="0" covered="9"/><counter type="COMPLEXITY" missed="0" covered="1"/><counter type="METHOD" missed="0" covered="1"/></method><method name="getReport" desc="(Ljava/lang/Integer;Ljava/lang/String;Ljava/lang/String;)Ljava/util/List;" line="487"><counter type="INSTRUCTION" missed="26" covered="64"/><counter type="BRANCH" missed="2" covered="2"/><counter type="LINE" missed="6" covered="12"/><counter type="COMPLEXITY" missed="2" covered="1"/><counter type="METHOD" missed="0" covered="1"/></method><method name="lambda$getPhysiciansLookup$0" desc="(Lcom/painscript/usermanagement/dto/UserDTO;)Lcom/painscript/usermanagement/dto/UserLookupDTO;" line="329"><counter type="INSTRUCTION" missed="0" covered="47"/><counter type="BRANCH" missed="2" covered="2"/><counter type="LINE" missed="0" covered="5"/><counter type="COMPLEXITY" missed="2" covered="1"/><counter type="METHOD" missed="0" covered="1"/></method><counter type="INSTRUCTION" missed="26" covered="1005"/><counter type="BRANCH" missed="6" covered="8"/><counter type="LINE" missed="6" covered="144"/><counter type="COMPLEXITY" missed="6" covered="25"/><counter type="METHOD" missed="0" covered="24"/><counter type="CLASS" missed="0" covered="1"/></class><class name="com/painscript/usermanagement/controller/HealthController" sourcefilename="HealthController.java"><method name="&lt;init&gt;" desc="()V" line="18"><counter type="INSTRUCTION" missed="0" covered="8"/><counter type="LINE" missed="0" covered="2"/><counter type="COMPLEXITY" missed="0" covered="1"/><counter type="METHOD" missed="0" covered="1"/></method><method name="live" desc="()Ljava/lang/String;" line="31"><counter type="INSTRUCTION" missed="0" covered="6"/><counter type="LINE" missed="0" covered="2"/><counter type="COMPLEXITY" missed="0" covered="1"/><counter type="METHOD" missed="0" covered="1"/></method><method name="ready" desc="()Ljava/lang/String;" line="42"><counter type="INSTRUCTION" missed="0" covered="6"/><counter type="LINE" missed="0" covered="2"/><counter type="COMPLEXITY" missed="0" covered="1"/><counter type="METHOD" missed="0" covered="1"/></method><counter type="INSTRUCTION" missed="0" covered="20"/><counter type="LINE" missed="0" covered="6"/><counter type="COMPLEXITY" missed="0" covered="3"/><counter type="METHOD" missed="0" covered="3"/><counter type="CLASS" missed="0" covered="1"/></class><sourcefile name="UserManagementController.java"><line nr="53" mi="0" ci="2" mb="0" cb="0"/><line nr="58" mi="0" ci="6" mb="0" cb="0"/><line nr="89" mi="0" ci="11" mb="0" cb="0"/><line nr="90" mi="0" ci="5" mb="0" cb="0"/><line nr="91" mi="0" ci="2" mb="0" cb="0"/><line nr="105" mi="0" ci="11" mb="0" cb="0"/><line nr="106" mi="0" ci="5" mb="0" cb="0"/><line nr="107" mi="0" ci="3" mb="0" cb="0"/><line nr="108" mi="0" ci="3" mb="1" cb="1"/><line nr="109" mi="0" ci="8" mb="0" cb="0"/><line nr="111" mi="0" ci="6" mb="0" cb="0"/><line nr="112" mi="0" ci="13" mb="0" cb="0"/><line nr="113" mi="0" ci="18" mb="0" cb="0"/><line nr="114" mi="0" ci="5" mb="0" cb="0"/><line nr="115" mi="0" ci="11" mb="0" cb="0"/><line nr="116" mi="0" ci="4" mb="0" cb="0"/><line nr="117" mi="0" ci="2" mb="0" cb="0"/><line nr="132" mi="0" ci="15" mb="0" cb="0"/><line nr="133" mi="0" ci="6" mb="0" cb="0"/><line nr="147" mi="0" ci="11" mb="0" cb="0"/><line nr="148" mi="0" ci="5" mb="0" cb="0"/><line nr="163" mi="0" ci="15" mb="0" cb="0"/><line nr="164" mi="0" ci="6" mb="0" cb="0"/><line nr="173" mi="0" ci="4" mb="0" cb="0"/><line nr="174" mi="0" ci="2" mb="0" cb="0"/><line nr="189" mi="0" ci="11" mb="0" cb="0"/><line nr="190" mi="0" ci="5" mb="0" cb="0"/><line nr="191" mi="0" ci="3" mb="0" cb="0"/><line nr="192" mi="0" ci="5" mb="0" cb="0"/><line nr="193" mi="0" ci="9" mb="0" cb="0"/><line nr="194" mi="0" ci="5" mb="0" cb="0"/><line nr="195" mi="0" ci="11" mb="0" cb="0"/><line nr="196" mi="0" ci="4" mb="0" cb="0"/><line nr="197" mi="0" ci="6" mb="0" cb="0"/><line nr="209" mi="0" ci="11" mb="0" cb="0"/><line nr="210" mi="0" ci="5" mb="0" cb="0"/><line nr="211" mi="0" ci="5" mb="0" cb="0"/><line nr="212" mi="0" ci="9" mb="0" cb="0"/><line nr="213" mi="0" ci="5" mb="0" cb="0"/><line nr="214" mi="0" ci="11" mb="0" cb="0"/><line nr="215" mi="0" ci="4" mb="0" cb="0"/><line nr="216" mi="0" ci="6" mb="0" cb="0"/><line nr="229" mi="0" ci="11" mb="0" cb="0"/><line nr="230" mi="0" ci="5" mb="0" cb="0"/><line nr="231" mi="0" ci="3" mb="0" cb="0"/><line nr="232" mi="0" ci="5" mb="0" cb="0"/><line nr="233" mi="0" ci="6" mb="0" cb="0"/><line nr="234" mi="0" ci="21" mb="0" cb="0"/><line nr="235" mi="0" ci="5" mb="0" cb="0"/><line nr="236" mi="0" ci="11" mb="0" cb="0"/><line nr="237" mi="0" ci="4" mb="0" cb="0"/><line nr="238" mi="0" ci="2" mb="0" cb="0"/><line nr="251" mi="0" ci="11" mb="0" cb="0"/><line nr="252" mi="0" ci="5" mb="0" cb="0"/><line nr="253" mi="0" ci="4" mb="0" cb="0"/><line nr="254" mi="0" ci="5" mb="0" cb="0"/><line nr="255" mi="0" ci="2" mb="0" cb="0"/><line nr="269" mi="0" ci="4" mb="0" cb="0"/><line nr="270" mi="0" ci="6" mb="0" cb="0"/><line nr="271" mi="0" ci="6" mb="0" cb="0"/><line nr="272" mi="0" ci="6" mb="0" cb="0"/><line nr="273" mi="0" ci="7" mb="0" cb="0"/><line nr="274" mi="0" ci="3" mb="0" cb="0"/><line nr="275" mi="0" ci="3" mb="0" cb="0"/><line nr="276" mi="0" ci="2" mb="0" cb="0"/><line nr="290" mi="0" ci="5" mb="0" cb="0"/><line nr="291" mi="0" ci="18" mb="0" cb="0"/><line nr="292" mi="0" ci="2" mb="0" cb="0"/><line nr="307" mi="0" ci="6" mb="0" cb="0"/><line nr="308" mi="0" ci="20" mb="0" cb="0"/><line nr="309" mi="0" ci="2" mb="0" cb="0"/><line nr="324" mi="0" ci="15" mb="0" cb="0"/><line nr="325" mi="0" ci="6" mb="0" cb="0"/><line nr="326" mi="0" ci="4" mb="0" cb="0"/><line nr="327" mi="0" ci="5" mb="1" cb="3"/><line nr="328" mi="0" ci="5" mb="0" cb="0"/><line nr="329" mi="0" ci="13" mb="0" cb="0"/><line nr="330" mi="0" ci="7" mb="2" cb="2"/><line nr="331" mi="0" ci="18" mb="0" cb="0"/><line nr="333" mi="0" ci="7" mb="0" cb="0"/><line nr="334" mi="0" ci="2" mb="0" cb="0"/><line nr="335" mi="0" ci="3" mb="0" cb="0"/><line nr="337" mi="0" ci="2" mb="0" cb="0"/><line nr="352" mi="0" ci="11" mb="0" cb="0"/><line nr="353" mi="0" ci="5" mb="0" cb="0"/><line nr="354" mi="0" ci="12" mb="0" cb="0"/><line nr="355" mi="0" ci="2" mb="0" cb="0"/><line nr="369" mi="0" ci="11" mb="0" cb="0"/><line nr="370" mi="0" ci="5" mb="0" cb="0"/><line nr="371" mi="0" ci="12" mb="0" cb="0"/><line nr="372" mi="0" ci="2" mb="0" cb="0"/><line nr="387" mi="0" ci="15" mb="0" cb="0"/><line nr="388" mi="0" ci="5" mb="0" cb="0"/><line nr="389" mi="0" ci="3" mb="0" cb="0"/><line nr="390" mi="0" ci="3" mb="0" cb="0"/><line nr="391" mi="0" ci="4" mb="0" cb="0"/><line nr="392" mi="0" ci="9" mb="0" cb="0"/><line nr="393" mi="0" ci="5" mb="0" cb="0"/><line nr="394" mi="0" ci="11" mb="0" cb="0"/><line nr="395" mi="0" ci="4" mb="0" cb="0"/><line nr="396" mi="0" ci="6" mb="0" cb="0"/><line nr="410" mi="0" ci="11" mb="0" cb="0"/><line nr="411" mi="0" ci="5" mb="0" cb="0"/><line nr="412" mi="0" ci="11" mb="0" cb="0"/><line nr="413" mi="0" ci="2" mb="0" cb="0"/><line nr="429" mi="0" ci="15" mb="0" cb="0"/><line nr="430" mi="0" ci="5" mb="0" cb="0"/><line nr="431" mi="0" ci="3" mb="0" cb="0"/><line nr="432" mi="0" ci="5" mb="0" cb="0"/><line nr="433" mi="0" ci="12" mb="0" cb="0"/><line nr="434" mi="0" ci="5" mb="0" cb="0"/><line nr="435" mi="0" ci="11" mb="0" cb="0"/><line nr="436" mi="0" ci="4" mb="0" cb="0"/><line nr="437" mi="0" ci="6" mb="0" cb="0"/><line nr="451" mi="0" ci="15" mb="0" cb="0"/><line nr="452" mi="0" ci="5" mb="0" cb="0"/><line nr="453" mi="0" ci="6" mb="0" cb="0"/><line nr="454" mi="0" ci="15" mb="0" cb="0"/><line nr="455" mi="0" ci="13" mb="0" cb="0"/><line nr="456" mi="0" ci="5" mb="0" cb="0"/><line nr="457" mi="0" ci="11" mb="0" cb="0"/><line nr="458" mi="0" ci="4" mb="0" cb="0"/><line nr="459" mi="0" ci="2" mb="0" cb="0"/><line nr="473" mi="0" ci="15" mb="0" cb="0"/><line nr="474" mi="0" ci="5" mb="0" cb="0"/><line nr="475" mi="0" ci="6" mb="0" cb="0"/><line nr="476" mi="0" ci="13" mb="0" cb="0"/><line nr="477" mi="0" ci="13" mb="0" cb="0"/><line nr="478" mi="0" ci="5" mb="0" cb="0"/><line nr="479" mi="0" ci="11" mb="0" cb="0"/><line nr="480" mi="0" ci="4" mb="0" cb="0"/><line nr="481" mi="0" ci="2" mb="0" cb="0"/><line nr="487" mi="0" ci="2" mb="0" cb="0"/><line nr="488" mi="0" ci="2" mb="0" cb="0"/><line nr="489" mi="0" ci="2" mb="1" cb="1"/><line nr="491" mi="0" ci="7" mb="0" cb="0"/><line nr="492" mi="1" ci="0" mb="0" cb="0"/><line nr="493" mi="5" ci="0" mb="0" cb="0"/><line nr="494" mi="7" ci="0" mb="0" cb="0"/><line nr="495" mi="0" ci="1" mb="0" cb="0"/><line nr="497" mi="0" ci="2" mb="1" cb="1"/><line nr="499" mi="0" ci="7" mb="0" cb="0"/><line nr="500" mi="1" ci="0" mb="0" cb="0"/><line nr="501" mi="5" ci="0" mb="0" cb="0"/><line nr="502" mi="7" ci="0" mb="0" cb="0"/><line nr="503" mi="0" ci="1" mb="0" cb="0"/><line nr="505" mi="0" ci="19" mb="0" cb="0"/><line nr="506" mi="0" ci="7" mb="0" cb="0"/><line nr="507" mi="0" ci="12" mb="0" cb="0"/><line nr="508" mi="0" ci="2" mb="0" cb="0"/><counter type="INSTRUCTION" missed="26" covered="1005"/><counter type="BRANCH" missed="6" covered="8"/><counter type="LINE" missed="6" covered="144"/><counter type="COMPLEXITY" missed="6" covered="25"/><counter type="METHOD" missed="0" covered="24"/><counter type="CLASS" missed="0" covered="1"/></sourcefile><sourcefile name="ExceptionControllerAdvice.java"><line nr="23" mi="0" ci="3" mb="0" cb="0"/><line nr="46" mi="0" ci="4" mb="0" cb="0"/><line nr="47" mi="0" ci="3" mb="0" cb="2"/><line nr="48" mi="0" ci="3" mb="0" cb="0"/><line nr="49" mi="0" ci="4" mb="0" cb="0"/><line nr="50" mi="0" ci="11" mb="0" cb="0"/><line nr="51" mi="0" ci="1" mb="0" cb="0"/><line nr="52" mi="0" ci="3" mb="0" cb="0"/><line nr="53" mi="0" ci="8" mb="0" cb="0"/><line nr="54" mi="0" ci="4" mb="0" cb="0"/><line nr="56" mi="0" ci="6" mb="0" cb="0"/><counter type="INSTRUCTION" missed="0" covered="50"/><counter type="BRANCH" missed="0" covered="2"/><counter type="LINE" missed="0" covered="11"/><counter type="COMPLEXITY" missed="0" covered="3"/><counter type="METHOD" missed="0" covered="2"/><counter type="CLASS" missed="0" covered="1"/></sourcefile><sourcefile name="HealthController.java"><line nr="18" mi="0" ci="2" mb="0" cb="0"/><line nr="22" mi="0" ci="6" mb="0" cb="0"/><line nr="31" mi="0" ci="4" mb="0" cb="0"/><line nr="32" mi="0" ci="2" mb="0" cb="0"/><line nr="42" mi="0" ci="4" mb="0" cb="0"/><line nr="43" mi="0" ci="2" mb="0" cb="0"/><counter type="INSTRUCTION" missed="0" covered="20"/><counter type="LINE" missed="0" covered="6"/><counter type="COMPLEXITY" missed="0" covered="3"/><counter type="METHOD" missed="0" covered="3"/><counter type="CLASS" missed="0" covered="1"/></sourcefile><counter type="INSTRUCTION" missed="26" covered="1075"/><counter type="BRANCH" missed="6" covered="10"/><counter type="LINE" missed="6" covered="161"/><counter type="COMPLEXITY" missed="6" covered="31"/><counter type="METHOD" missed="0" covered="29"/><counter type="CLASS" missed="0" covered="3"/></package><package name="com/painscript/usermanagement/serviceimpl"><class name="com/painscript/usermanagement/serviceimpl/UserManagementServiceImpl" sourcefilename="UserManagementServiceImpl.java"><method name="&lt;init&gt;" desc="()V" line="70"><counter type="INSTRUCTION" missed="0" covered="8"/><counter type="LINE" missed="0" covered="2"/><counter type="COMPLEXITY" missed="0" covered="1"/><counter type="METHOD" missed="0" covered="1"/></method><method name="getUserProfile" desc="(Ljava/lang/Integer;)Lcom/painscript/usermanagement/dto/UserDTO;" line="169"><counter type="INSTRUCTION" missed="17" covered="104"/><counter type="BRANCH" missed="4" covered="8"/><counter type="LINE" missed="2" covered="24"/><counter type="COMPLEXITY" missed="4" covered="3"/><counter type="METHOD" missed="0" covered="1"/></method><method name="setPatientDisorders" desc="(Lcom/painscript/usermanagement/dto/UserDTO;Lcom/painscript/usermanagement/model/User;)V" line="211"><counter type="INSTRUCTION" missed="0" covered="47"/><counter type="BRANCH" missed="1" covered="3"/><counter type="LINE" missed="0" covered="9"/><counter type="COMPLEXITY" missed="1" covered="2"/><counter type="METHOD" missed="0" covered="1"/></method><method name="setPhysicianSpecialties" desc="(Lcom/painscript/usermanagement/dto/UserDTO;Lcom/painscript/usermanagement/model/User;)V" line="239"><counter type="INSTRUCTION" missed="0" covered="47"/><counter type="BRANCH" missed="1" covered="3"/><counter type="LINE" missed="0" covered="9"/><counter type="COMPLEXITY" missed="1" covered="2"/><counter type="METHOD" missed="0" covered="1"/></method><method name="getPhysiciansOfPatient" desc="(Ljava/lang/Integer;)Ljava/util/List;" line="270"><counter type="INSTRUCTION" missed="17" covered="20"/><counter type="BRANCH" missed="2" covered="2"/><counter type="LINE" missed="2" covered="3"/><counter type="COMPLEXITY" missed="2" covered="1"/><counter type="METHOD" missed="0" covered="1"/></method><method name="getPhysician" desc="(Lcom/painscript/usermanagement/model/SitePatient;)Lcom/painscript/usermanagement/dto/UserDTO;" line="287"><counter type="INSTRUCTION" missed="0" covered="74"/><counter type="LINE" missed="0" covered="17"/><counter type="COMPLEXITY" missed="0" covered="1"/><counter type="METHOD" missed="0" covered="1"/></method><method name="createUser" desc="(Lcom/painscript/usermanagement/dto/UserDTO;Ljava/lang/String;)Ljava/lang/Integer;" line="320"><counter type="INSTRUCTION" missed="0" covered="120"/><counter type="BRANCH" missed="6" covered="10"/><counter type="LINE" missed="0" covered="27"/><counter type="COMPLEXITY" missed="6" covered="3"/><counter type="METHOD" missed="0" covered="1"/></method><method name="notifyUserByEmail" desc="(Lcom/painscript/usermanagement/dto/UserDTO;Ljava/lang/String;)V" line="371"><counter type="INSTRUCTION" missed="42" covered="110"/><counter type="BRANCH" missed="13" covered="9"/><counter type="LINE" missed="7" covered="27"/><counter type="COMPLEXITY" missed="9" covered="3"/><counter type="METHOD" missed="0" covered="1"/></method><method name="sendEmailUsingTemplate" desc="(Lcom/painscript/usermanagement/dto/EmailDTO;)V" line="413"><counter type="INSTRUCTION" missed="0" covered="5"/><counter type="LINE" missed="0" covered="2"/><counter type="COMPLEXITY" missed="0" covered="1"/><counter type="METHOD" missed="0" covered="1"/></method><method name="assignLicenseToPatient" desc="(Lcom/painscript/usermanagement/dto/UserDTO;Lcom/painscript/usermanagement/model/User;)V" line="422"><counter type="INSTRUCTION" missed="0" covered="56"/><counter type="LINE" missed="0" covered="11"/><counter type="COMPLEXITY" missed="0" covered="1"/><counter type="METHOD" missed="0" covered="1"/></method><method name="recordLicenseActivity" desc="(Lcom/painscript/usermanagement/model/LicenseAssignment;Ljava/lang/Integer;)V" line="442"><counter type="INSTRUCTION" missed="0" covered="68"/><counter type="LINE" missed="0" covered="13"/><counter type="COMPLEXITY" missed="0" covered="1"/><counter type="METHOD" missed="0" covered="1"/></method><method name="getAvailableLicense" desc="(Ljava/lang/Integer;)Lcom/painscript/usermanagement/model/LicenseAssignment;" line="463"><counter type="INSTRUCTION" missed="24" covered="23"/><counter type="BRANCH" missed="2" covered="2"/><counter type="LINE" missed="2" covered="5"/><counter type="COMPLEXITY" missed="2" covered="1"/><counter type="METHOD" missed="0" covered="1"/></method><method name="addPhysicianToSite" desc="(Lcom/painscript/usermanagement/dto/UserDTO;Lcom/painscript/usermanagement/model/User;)V" line="480"><counter type="INSTRUCTION" missed="0" covered="47"/><counter type="LINE" missed="0" covered="9"/><counter type="COMPLEXITY" missed="0" covered="1"/><counter type="METHOD" missed="0" covered="1"/></method><method name="addPatientToSiteAndPhysician" desc="(Lcom/painscript/usermanagement/dto/UserDTO;Lcom/painscript/usermanagement/model/User;)V" line="496"><counter type="INSTRUCTION" missed="0" covered="56"/><counter type="LINE" missed="0" covered="10"/><counter type="COMPLEXITY" missed="0" covered="1"/><counter type="METHOD" missed="0" covered="1"/></method><method name="addPhysicianSpecialties" desc="(Lcom/painscript/usermanagement/dto/UserDTO;Lcom/painscript/usermanagement/model/User;)V" line="514"><counter type="INSTRUCTION" missed="0" covered="43"/><counter type="BRANCH" missed="0" covered="2"/><counter type="LINE" missed="0" covered="10"/><counter type="COMPLEXITY" missed="0" covered="2"/><counter type="METHOD" missed="0" covered="1"/></method><method name="addPatientDisorders" desc="(Lcom/painscript/usermanagement/dto/UserDTO;Lcom/painscript/usermanagement/model/User;)V" line="532"><counter type="INSTRUCTION" missed="0" covered="43"/><counter type="BRANCH" missed="0" covered="2"/><counter type="LINE" missed="0" covered="10"/><counter type="COMPLEXITY" missed="0" covered="2"/><counter type="METHOD" missed="0" covered="1"/></method><method name="getRoleId" desc="(Ljava/lang/String;)I" line="549"><counter type="INSTRUCTION" missed="21" covered="26"/><counter type="BRANCH" missed="3" covered="7"/><counter type="LINE" missed="4" covered="8"/><counter type="COMPLEXITY" missed="3" covered="3"/><counter type="METHOD" missed="0" covered="1"/></method><method name="checkAllValidations" desc="(Lcom/painscript/usermanagement/dto/UserDTO;Ljava/lang/String;)Z" line="571"><counter type="INSTRUCTION" missed="18" covered="57"/><counter type="BRANCH" missed="4" covered="6"/><counter type="LINE" missed="2" covered="12"/><counter type="COMPLEXITY" missed="4" covered="2"/><counter type="METHOD" missed="0" covered="1"/></method><method name="checkSiteLicenses" desc="(I)Z" line="595"><counter type="INSTRUCTION" missed="19" covered="32"/><counter type="BRANCH" missed="1" covered="1"/><counter type="LINE" missed="2" covered="6"/><counter type="COMPLEXITY" missed="1" covered="1"/><counter type="METHOD" missed="0" covered="1"/></method><method name="checkEmailExistance" desc="(Ljava/lang/String;Ljava/lang/String;Ljava/lang/Integer;)Z" line="617"><counter type="INSTRUCTION" missed="52" covered="11"/><counter type="BRANCH" missed="8" covered="2"/><counter type="LINE" missed="6" covered="4"/><counter type="COMPLEXITY" missed="5" covered="1"/><counter type="METHOD" missed="0" covered="1"/></method><method name="checkPhoneExistance" desc="(Ljava/lang/String;Ljava/lang/String;Ljava/lang/Integer;)Z" line="641"><counter type="INSTRUCTION" missed="52" covered="11"/><counter type="BRANCH" missed="8" covered="2"/><counter type="LINE" missed="6" covered="4"/><counter type="COMPLEXITY" missed="5" covered="1"/><counter type="METHOD" missed="0" covered="1"/></method><method name="getAdminDashboardData" desc="(Ljava/lang/Integer;Ljava/lang/String;)Ljava/lang/Object;" line="661"><counter type="INSTRUCTION" missed="0" covered="20"/><counter type="LINE" missed="0" covered="3"/><counter type="COMPLEXITY" missed="0" covered="1"/><counter type="METHOD" missed="0" covered="1"/></method><method name="getSiteAdminDashboardData" desc="(Ljava/lang/Integer;)Ljava/lang/Object;" line="671"><counter type="INSTRUCTION" missed="0" covered="19"/><counter type="LINE" missed="0" covered="3"/><counter type="COMPLEXITY" missed="0" covered="1"/><counter type="METHOD" missed="0" covered="1"/></method><method name="getPhysicianDashboardData" desc="(Ljava/lang/Integer;Ljava/lang/Integer;)Ljava/lang/Object;" line="681"><counter type="INSTRUCTION" missed="0" covered="20"/><counter type="LINE" missed="0" covered="3"/><counter type="COMPLEXITY" missed="0" covered="1"/><counter type="METHOD" missed="0" covered="1"/></method><method name="getUserProfilePhoto" desc="(Ljava/lang/Integer;)Ljava/lang/String;" line="693"><counter type="INSTRUCTION" missed="2" covered="18"/><counter type="BRANCH" missed="1" covered="1"/><counter type="LINE" missed="1" covered="4"/><counter type="COMPLEXITY" missed="1" covered="1"/><counter type="METHOD" missed="0" covered="1"/></method><method name="getSitesData" desc="()Ljava/lang/Object;" line="706"><counter type="INSTRUCTION" missed="0" covered="31"/><counter type="LINE" missed="0" covered="5"/><counter type="COMPLEXITY" missed="0" covered="1"/><counter type="METHOD" missed="0" covered="1"/></method><method name="getPhysicians" desc="(Ljava/lang/Integer;Ljava/lang/String;)Ljava/util/List;" line="726"><counter type="INSTRUCTION" missed="12" covered="61"/><counter type="BRANCH" missed="5" covered="7"/><counter type="LINE" missed="1" covered="14"/><counter type="COMPLEXITY" missed="5" covered="2"/><counter type="METHOD" missed="0" covered="1"/></method><method name="getPhysicianByRole" desc="(Lcom/painscript/usermanagement/model/SiteUser;Ljava/lang/String;)Lcom/painscript/usermanagement/dto/UserDTO;" line="754"><counter type="INSTRUCTION" missed="32" covered="48"/><counter type="BRANCH" missed="12" covered="2"/><counter type="LINE" missed="4" covered="13"/><counter type="COMPLEXITY" missed="7" covered="1"/><counter type="METHOD" missed="0" covered="1"/></method><method name="formatRole" desc="(Ljava/lang/String;)Ljava/lang/String;" line="776"><counter type="INSTRUCTION" missed="33" covered="14"/><counter type="BRANCH" missed="7" covered="3"/><counter type="LINE" missed="8" covered="4"/><counter type="COMPLEXITY" missed="5" covered="1"/><counter type="METHOD" missed="0" covered="1"/></method><method name="getPatientDetails" desc="(Ljava/lang/Integer;)Ljava/util/List;" line="804"><counter type="INSTRUCTION" missed="17" covered="26"/><counter type="BRANCH" missed="2" covered="2"/><counter type="LINE" missed="2" covered="5"/><counter type="COMPLEXITY" missed="2" covered="1"/><counter type="METHOD" missed="0" covered="1"/></method><method name="patientDetails" desc="(Lcom/painscript/usermanagement/model/SitePatient;)Lcom/painscript/usermanagement/dto/UserDTO;" line="821"><counter type="INSTRUCTION" missed="0" covered="38"/><counter type="LINE" missed="0" covered="12"/><counter type="COMPLEXITY" missed="0" covered="1"/><counter type="METHOD" missed="0" covered="1"/></method><method name="getPatients" desc="(Ljava/lang/Integer;)Ljava/util/List;" line="848"><counter type="INSTRUCTION" missed="0" covered="32"/><counter type="BRANCH" missed="2" covered="2"/><counter type="LINE" missed="0" covered="7"/><counter type="COMPLEXITY" missed="2" covered="1"/><counter type="METHOD" missed="0" covered="1"/></method><method name="getPatient" desc="(Lcom/painscript/usermanagement/model/SitePatient;)Lcom/painscript/usermanagement/dto/UserDTO;" line="864"><counter type="INSTRUCTION" missed="0" covered="36"/><counter type="LINE" missed="0" covered="11"/><counter type="COMPLEXITY" missed="0" covered="1"/><counter type="METHOD" missed="0" covered="1"/></method><method name="getEncryptedText" desc="(Ljava/lang/String;)Ljava/lang/String;" line="888"><counter type="INSTRUCTION" missed="13" covered="21"/><counter type="LINE" missed="3" covered="8"/><counter type="COMPLEXITY" missed="0" covered="1"/><counter type="METHOD" missed="0" covered="1"/></method><method name="registerSite" desc="(Lcom/painscript/usermanagement/dto/RegisterSiteDTO;)Ljava/lang/Integer;" line="912"><counter type="INSTRUCTION" missed="34" covered="36"/><counter type="BRANCH" missed="2" covered="2"/><counter type="LINE" missed="4" covered="11"/><counter type="COMPLEXITY" missed="2" covered="1"/><counter type="METHOD" missed="0" covered="1"/></method><method name="createSite" desc="(Lcom/painscript/usermanagement/dto/RegisterSiteDTO;Ljava/lang/Integer;)Ljava/lang/Integer;" line="943"><counter type="INSTRUCTION" missed="0" covered="52"/><counter type="LINE" missed="0" covered="12"/><counter type="COMPLEXITY" missed="0" covered="1"/><counter type="METHOD" missed="0" covered="1"/></method><method name="changePassword" desc="(Lcom/painscript/usermanagement/dto/ChangePasswordDTO;Ljava/lang/String;)V" line="967"><counter type="INSTRUCTION" missed="30" covered="49"/><counter type="BRANCH" missed="3" covered="3"/><counter type="LINE" missed="4" covered="11"/><counter type="COMPLEXITY" missed="3" covered="1"/><counter type="METHOD" missed="0" covered="1"/></method><method name="resetPassword" desc="(Ljava/lang/Integer;Ljava/lang/String;)V" line="996"><counter type="INSTRUCTION" missed="39" covered="81"/><counter type="BRANCH" missed="13" covered="5"/><counter type="LINE" missed="4" covered="22"/><counter type="COMPLEXITY" missed="9" covered="1"/><counter type="METHOD" missed="0" covered="1"/></method><method name="updateSiteInfo" desc="(Lcom/painscript/usermanagement/dto/SiteDTO;)V" line="1030"><counter type="INSTRUCTION" missed="25" covered="97"/><counter type="BRANCH" missed="11" covered="11"/><counter type="LINE" missed="0" covered="15"/><counter type="COMPLEXITY" missed="11" covered="1"/><counter type="METHOD" missed="0" covered="1"/></method><method name="updateUserProfile" desc="(Ljava/lang/Integer;Lcom/painscript/usermanagement/dto/UserDTO;)V" line="1056"><counter type="INSTRUCTION" missed="1" covered="120"/><counter type="BRANCH" missed="7" covered="13"/><counter type="LINE" missed="0" covered="22"/><counter type="COMPLEXITY" missed="7" covered="4"/><counter type="METHOD" missed="0" covered="1"/></method><method name="updatePhysicianAssistantSpecialties" desc="(Lcom/painscript/usermanagement/dto/UserDTO;Lcom/painscript/usermanagement/model/User;)V" line="1088"><counter type="INSTRUCTION" missed="10" covered="53"/><counter type="BRANCH" missed="1" covered="1"/><counter type="LINE" missed="2" covered="11"/><counter type="COMPLEXITY" missed="1" covered="1"/><counter type="METHOD" missed="0" covered="1"/></method><method name="sendNotificationToToken" desc="(Ljava/lang/String;Ljava/lang/String;Ljava/lang/String;)V" line="1112"><counter type="INSTRUCTION" missed="0" covered="15"/><counter type="LINE" missed="0" covered="4"/><counter type="COMPLEXITY" missed="0" covered="1"/><counter type="METHOD" missed="0" covered="1"/></method><method name="subscribeToTopic" desc="(Ljava/lang/String;Ljava/lang/String;)V" line="1125"><counter type="INSTRUCTION" missed="0" covered="14"/><counter type="LINE" missed="0" covered="4"/><counter type="COMPLEXITY" missed="0" covered="1"/><counter type="METHOD" missed="0" covered="1"/></method><method name="saveNotification" desc="(Lcom/painscript/usermanagement/model/Notification;Ljava/lang/Integer;Ljava/lang/String;)V" line="1137"><counter type="INSTRUCTION" missed="0" covered="23"/><counter type="LINE" missed="0" covered="7"/><counter type="COMPLEXITY" missed="0" covered="1"/><counter type="METHOD" missed="0" covered="1"/></method><method name="updatePatientDisorders" desc="(Lcom/painscript/usermanagement/dto/UserDTO;Lcom/painscript/usermanagement/model/User;)V" line="1153"><counter type="INSTRUCTION" missed="35" covered="81"/><counter type="BRANCH" missed="7" covered="7"/><counter type="LINE" missed="8" covered="18"/><counter type="COMPLEXITY" missed="7" covered="1"/><counter type="METHOD" missed="0" covered="1"/></method><method name="updatePhysicianSpecialties" desc="(Lcom/painscript/usermanagement/dto/UserDTO;Lcom/painscript/usermanagement/model/User;)V" line="1214"><counter type="INSTRUCTION" missed="35" covered="81"/><counter type="BRANCH" missed="7" covered="7"/><counter type="LINE" missed="8" covered="18"/><counter type="COMPLEXITY" missed="7" covered="1"/><counter type="METHOD" missed="0" covered="1"/></method><method name="checkDeviceIdExistance" desc="(Lcom/painscript/usermanagement/dto/UserDTO;)V" line="1272"><counter type="INSTRUCTION" missed="0" covered="75"/><counter type="BRANCH" missed="5" covered="7"/><counter type="LINE" missed="0" covered="15"/><counter type="COMPLEXITY" missed="5" covered="2"/><counter type="METHOD" missed="0" covered="1"/></method><method name="mapUserRequestToEntity" desc="(Lcom/painscript/usermanagement/dto/UserDTO;Lcom/painscript/usermanagement/model/User;)Lcom/painscript/usermanagement/model/User;" line="1299"><counter type="INSTRUCTION" missed="72" covered="266"/><counter type="BRANCH" missed="31" covered="35"/><counter type="LINE" missed="6" covered="42"/><counter type="COMPLEXITY" missed="29" covered="5"/><counter type="METHOD" missed="0" covered="1"/></method><method name="toggleUserStatus" desc="(Lcom/painscript/usermanagement/model/User;Ljava/lang/String;Ljava/lang/String;)V" line="1360"><counter type="INSTRUCTION" missed="112" covered="0"/><counter type="BRANCH" missed="28" covered="0"/><counter type="LINE" missed="19" covered="0"/><counter type="COMPLEXITY" missed="15" covered="0"/><counter type="METHOD" missed="1" covered="0"/></method><method name="addLicensesToSite" desc="(Ljava/lang/Integer;Ljava/lang/Integer;Ljava/lang/String;)V" line="1398"><counter type="INSTRUCTION" missed="10" covered="27"/><counter type="BRANCH" missed="1" covered="1"/><counter type="LINE" missed="2" covered="4"/><counter type="COMPLEXITY" missed="1" covered="1"/><counter type="METHOD" missed="0" covered="1"/></method><method name="disablePatientFromSite" desc="(Ljava/lang/Integer;Ljava/lang/Integer;Ljava/lang/String;)V" line="1418"><counter type="INSTRUCTION" missed="17" covered="68"/><counter type="BRANCH" missed="1" covered="1"/><counter type="LINE" missed="2" covered="13"/><counter type="COMPLEXITY" missed="1" covered="1"/><counter type="METHOD" missed="0" covered="1"/></method><method name="getSiteDetails" desc="(Ljava/lang/Integer;)Lcom/painscript/usermanagement/dto/SiteDTO;" line="1443"><counter type="INSTRUCTION" missed="17" covered="25"/><counter type="BRANCH" missed="1" covered="1"/><counter type="LINE" missed="2" covered="6"/><counter type="COMPLEXITY" missed="1" covered="1"/><counter type="METHOD" missed="0" covered="1"/></method><method name="getReport" desc="(Ljava/lang/Integer;Ljava/util/Date;Ljava/util/Date;)Ljava/util/List;" line="1457"><counter type="INSTRUCTION" missed="37" covered="79"/><counter type="BRANCH" missed="5" covered="15"/><counter type="LINE" missed="6" covered="15"/><counter type="COMPLEXITY" missed="5" covered="6"/><counter type="METHOD" missed="0" covered="1"/></method><method name="licenseReport" desc="(Lcom/painscript/usermanagement/model/LicenseWorkflow;)Lcom/painscript/usermanagement/dto/LicenseReportDTO;" line="1488"><counter type="INSTRUCTION" missed="0" covered="31"/><counter type="LINE" missed="0" covered="7"/><counter type="COMPLEXITY" missed="0" covered="1"/><counter type="METHOD" missed="0" covered="1"/></method><method name="lambda$toggleUserStatus$12" desc="(Lcom/painscript/usermanagement/model/SitePatient;)V" line="1372"><counter type="INSTRUCTION" missed="4" covered="0"/><counter type="LINE" missed="2" covered="0"/><counter type="COMPLEXITY" missed="1" covered="0"/><counter type="METHOD" missed="1" covered="0"/></method><method name="lambda$toggleUserStatus$11" desc="(Lcom/painscript/usermanagement/model/SitePatient;)V" line="1364"><counter type="INSTRUCTION" missed="4" covered="0"/><counter type="LINE" missed="2" covered="0"/><counter type="COMPLEXITY" missed="1" covered="0"/><counter type="METHOD" missed="1" covered="0"/></method><method name="lambda$updatePhysicianSpecialties$10" desc="(Ljava/util/Set;Lcom/painscript/usermanagement/dto/UserDTO;Lcom/painscript/usermanagement/model/PhysicianSpeciality;)V" line="1255"><counter type="INSTRUCTION" missed="19" covered="13"/><counter type="BRANCH" missed="2" covered="2"/><counter type="LINE" missed="5" covered="2"/><counter type="COMPLEXITY" missed="2" covered="1"/><counter type="METHOD" missed="0" covered="1"/></method><method name="lambda$updatePhysicianSpecialties$9" desc="(Ljava/util/Set;Lcom/painscript/usermanagement/dto/UserDTO;Lcom/painscript/usermanagement/model/PhysicianSpeciality;)V" line="1229"><counter type="INSTRUCTION" missed="19" covered="8"/><counter type="BRANCH" missed="1" covered="1"/><counter type="LINE" missed="5" covered="2"/><counter type="COMPLEXITY" missed="1" covered="1"/><counter type="METHOD" missed="0" covered="1"/></method><method name="lambda$updatePhysicianSpecialties$8" desc="(Ljava/util/Set;Lcom/painscript/usermanagement/dto/KeyValueDTO;)V" line="1223"><counter type="INSTRUCTION" missed="0" covered="7"/><counter type="LINE" missed="0" covered="2"/><counter type="COMPLEXITY" missed="0" covered="1"/><counter type="METHOD" missed="0" covered="1"/></method><method name="lambda$updatePhysicianSpecialties$7" desc="(Ljava/util/Set;Lcom/painscript/usermanagement/model/PhysicianSpeciality;)V" line="1218"><counter type="INSTRUCTION" missed="0" covered="8"/><counter type="LINE" missed="0" covered="2"/><counter type="COMPLEXITY" missed="0" covered="1"/><counter type="METHOD" missed="0" covered="1"/></method><method name="lambda$updatePatientDisorders$6" desc="(Ljava/util/Set;Lcom/painscript/usermanagement/dto/UserDTO;Lcom/painscript/usermanagement/model/PatientDisorder;)V" line="1195"><counter type="INSTRUCTION" missed="19" covered="13"/><counter type="BRANCH" missed="2" covered="2"/><counter type="LINE" missed="5" covered="2"/><counter type="COMPLEXITY" missed="2" covered="1"/><counter type="METHOD" missed="0" covered="1"/></method><method name="lambda$updatePatientDisorders$5" desc="(Ljava/util/Set;Lcom/painscript/usermanagement/dto/UserDTO;Lcom/painscript/usermanagement/model/PatientDisorder;)V" line="1168"><counter type="INSTRUCTION" missed="19" covered="8"/><counter type="BRANCH" missed="1" covered="1"/><counter type="LINE" missed="5" covered="2"/><counter type="COMPLEXITY" missed="1" covered="1"/><counter type="METHOD" missed="0" covered="1"/></method><method name="lambda$updatePatientDisorders$4" desc="(Ljava/util/Set;Lcom/painscript/usermanagement/dto/KeyValueDTO;)V" line="1162"><counter type="INSTRUCTION" missed="0" covered="7"/><counter type="LINE" missed="0" covered="2"/><counter type="COMPLEXITY" missed="0" covered="1"/><counter type="METHOD" missed="0" covered="1"/></method><method name="lambda$updatePatientDisorders$3" desc="(Ljava/util/Set;Lcom/painscript/usermanagement/model/PatientDisorder;)V" line="1157"><counter type="INSTRUCTION" missed="0" covered="8"/><counter type="LINE" missed="0" covered="2"/><counter type="COMPLEXITY" missed="0" covered="1"/><counter type="METHOD" missed="0" covered="1"/></method><method name="lambda$getPhysicians$2" desc="(Ljava/lang/String;Lcom/painscript/usermanagement/dto/UserDTO;)Z" line="740"><counter type="INSTRUCTION" missed="5" covered="0"/><counter type="LINE" missed="1" covered="0"/><counter type="COMPLEXITY" missed="1" covered="0"/><counter type="METHOD" missed="1" covered="0"/></method><method name="lambda$setPhysicianSpecialties$1" desc="(Ljava/util/List;Lcom/painscript/usermanagement/model/PhysicianSpeciality;)V" line="244"><counter type="INSTRUCTION" missed="0" covered="30"/><counter type="BRANCH" missed="1" covered="1"/><counter type="LINE" missed="0" covered="8"/><counter type="COMPLEXITY" missed="1" covered="1"/><counter type="METHOD" missed="0" covered="1"/></method><method name="lambda$setPatientDisorders$0" desc="(Ljava/util/List;Lcom/painscript/usermanagement/model/PatientDisorder;)V" line="216"><counter type="INSTRUCTION" missed="0" covered="30"/><counter type="BRANCH" missed="1" covered="1"/><counter type="LINE" missed="0" covered="8"/><counter type="COMPLEXITY" missed="1" covered="1"/><counter type="METHOD" missed="0" covered="1"/></method><counter type="INSTRUCTION" missed="934" covered="2797"/><counter type="BRANCH" missed="213" covered="193"/><counter type="LINE" missed="143" covered="603"/><counter type="COMPLEXITY" missed="180" covered="90"/><counter type="METHOD" missed="4" covered="63"/><counter type="CLASS" missed="0" covered="1"/></class><sourcefile name="UserManagementServiceImpl.java"><line nr="70" mi="0" ci="2" mb="0" cb="0"/><line nr="75" mi="0" ci="6" mb="0" cb="0"/><line nr="169" mi="0" ci="4" mb="0" cb="0"/><line nr="170" mi="0" ci="8" mb="0" cb="0"/><line nr="171" mi="0" ci="2" mb="1" cb="1"/><line nr="172" mi="0" ci="3" mb="0" cb="0"/><line nr="174" mi="0" ci="3" mb="0" cb="0"/><line nr="175" mi="0" ci="3" mb="0" cb="0"/><line nr="176" mi="0" ci="3" mb="0" cb="0"/><line nr="178" mi="0" ci="3" mb="0" cb="0"/><line nr="179" mi="0" ci="3" mb="0" cb="0"/><line nr="180" mi="0" ci="4" mb="0" cb="0"/><line nr="181" mi="0" ci="3" mb="0" cb="0"/><line nr="182" mi="0" ci="18" mb="0" cb="0"/><line nr="184" mi="0" ci="8" mb="1" cb="3"/><line nr="185" mi="0" ci="5" mb="0" cb="0"/><line nr="186" mi="0" ci="4" mb="0" cb="2"/><line nr="187" mi="0" ci="4" mb="0" cb="0"/><line nr="188" mi="0" ci="4" mb="0" cb="0"/><line nr="189" mi="0" ci="5" mb="2" cb="2"/><line nr="190" mi="0" ci="7" mb="0" cb="0"/><line nr="192" mi="0" ci="1" mb="0" cb="0"/><line nr="193" mi="0" ci="3" mb="0" cb="0"/><line nr="194" mi="0" ci="3" mb="0" cb="0"/><line nr="196" mi="0" ci="1" mb="0" cb="0"/><line nr="197" mi="11" ci="0" mb="0" cb="0"/><line nr="198" mi="6" ci="0" mb="0" cb="0"/><line nr="200" mi="0" ci="2" mb="0" cb="0"/><line nr="211" mi="0" ci="12" mb="0" cb="0"/><line nr="212" mi="0" ci="4" mb="0" cb="0"/><line nr="213" mi="0" ci="3" mb="0" cb="0"/><line nr="214" mi="0" ci="5" mb="1" cb="3"/><line nr="215" mi="0" ci="4" mb="0" cb="0"/><line nr="216" mi="0" ci="5" mb="1" cb="1"/><line nr="217" mi="0" ci="4" mb="0" cb="0"/><line nr="218" mi="0" ci="3" mb="0" cb="0"/><line nr="219" mi="0" ci="5" mb="0" cb="0"/><line nr="220" mi="0" ci="4" mb="0" cb="0"/><line nr="221" mi="0" ci="4" mb="0" cb="0"/><line nr="222" mi="0" ci="4" mb="0" cb="0"/><line nr="224" mi="0" ci="1" mb="0" cb="0"/><line nr="226" mi="0" ci="12" mb="0" cb="0"/><line nr="227" mi="0" ci="3" mb="0" cb="0"/><line nr="228" mi="0" ci="3" mb="0" cb="0"/><line nr="229" mi="0" ci="1" mb="0" cb="0"/><line nr="239" mi="0" ci="12" mb="0" cb="0"/><line nr="240" mi="0" ci="4" mb="0" cb="0"/><line nr="241" mi="0" ci="3" mb="0" cb="0"/><line nr="242" mi="0" ci="5" mb="1" cb="3"/><line nr="243" mi="0" ci="4" mb="0" cb="0"/><line nr="244" mi="0" ci="5" mb="1" cb="1"/><line nr="245" mi="0" ci="4" mb="0" cb="0"/><line nr="246" mi="0" ci="3" mb="0" cb="0"/><line nr="247" mi="0" ci="5" mb="0" cb="0"/><line nr="248" mi="0" ci="4" mb="0" cb="0"/><line nr="249" mi="0" ci="4" mb="0" cb="0"/><line nr="250" mi="0" ci="4" mb="0" cb="0"/><line nr="252" mi="0" ci="1" mb="0" cb="0"/><line nr="254" mi="0" ci="12" mb="0" cb="0"/><line nr="255" mi="0" ci="3" mb="0" cb="0"/><line nr="256" mi="0" ci="3" mb="0" cb="0"/><line nr="257" mi="0" ci="1" mb="0" cb="0"/><line nr="270" mi="0" ci="6" mb="0" cb="0"/><line nr="271" mi="0" ci="5" mb="2" cb="2"/><line nr="272" mi="0" ci="9" mb="0" cb="0"/><line nr="274" mi="11" ci="0" mb="0" cb="0"/><line nr="275" mi="6" ci="0" mb="0" cb="0"/><line nr="287" mi="0" ci="4" mb="0" cb="0"/><line nr="288" mi="0" ci="3" mb="0" cb="0"/><line nr="289" mi="0" ci="3" mb="0" cb="0"/><line nr="290" mi="0" ci="12" mb="0" cb="0"/><line nr="291" mi="0" ci="3" mb="0" cb="0"/><line nr="292" mi="0" ci="3" mb="0" cb="0"/><line nr="294" mi="0" ci="4" mb="0" cb="0"/><line nr="295" mi="0" ci="4" mb="0" cb="0"/><line nr="296" mi="0" ci="12" mb="0" cb="0"/><line nr="297" mi="0" ci="3" mb="0" cb="0"/><line nr="298" mi="0" ci="3" mb="0" cb="0"/><line nr="299" mi="0" ci="3" mb="0" cb="0"/><line nr="301" mi="0" ci="3" mb="0" cb="0"/><line nr="302" mi="0" ci="4" mb="0" cb="0"/><line nr="303" mi="0" ci="4" mb="0" cb="0"/><line nr="304" mi="0" ci="4" mb="0" cb="0"/><line nr="306" mi="0" ci="2" mb="0" cb="0"/><line nr="320" mi="0" ci="2" mb="0" cb="0"/><line nr="321" mi="0" ci="5" mb="0" cb="0"/><line nr="322" mi="0" ci="2" mb="1" cb="1"/><line nr="323" mi="0" ci="4" mb="0" cb="0"/><line nr="325" mi="0" ci="4" mb="0" cb="0"/><line nr="326" mi="0" ci="6" mb="0" cb="0"/><line nr="327" mi="0" ci="3" mb="0" cb="0"/><line nr="329" mi="0" ci="2" mb="0" cb="0"/><line nr="330" mi="0" ci="3" mb="0" cb="0"/><line nr="332" mi="0" ci="3" mb="0" cb="0"/><line nr="333" mi="0" ci="5" mb="0" cb="0"/><line nr="334" mi="0" ci="5" mb="0" cb="0"/><line nr="335" mi="0" ci="3" mb="0" cb="0"/><line nr="337" mi="0" ci="6" mb="0" cb="0"/><line nr="338" mi="0" ci="11" mb="0" cb="0"/><line nr="339" mi="0" ci="3" mb="0" cb="0"/><line nr="340" mi="0" ci="4" mb="0" cb="2"/><line nr="342" mi="0" ci="7" mb="2" cb="2"/><line nr="343" mi="0" ci="4" mb="0" cb="0"/><line nr="346" mi="0" ci="4" mb="0" cb="0"/><line nr="348" mi="0" ci="5" mb="0" cb="0"/><line nr="349" mi="0" ci="8" mb="1" cb="3"/><line nr="351" mi="0" ci="7" mb="2" cb="2"/><line nr="352" mi="0" ci="4" mb="0" cb="0"/><line nr="354" mi="0" ci="4" mb="0" cb="0"/><line nr="358" mi="0" ci="4" mb="0" cb="0"/><line nr="360" mi="0" ci="2" mb="0" cb="0"/><line nr="371" mi="0" ci="4" mb="0" cb="0"/><line nr="372" mi="0" ci="4" mb="0" cb="0"/><line nr="373" mi="1" ci="6" mb="1" cb="1"/><line nr="374" mi="7" ci="3" mb="5" cb="1"/><line nr="375" mi="4" ci="0" mb="0" cb="0"/><line nr="376" mi="7" ci="3" mb="5" cb="1"/><line nr="377" mi="3" ci="0" mb="0" cb="0"/><line nr="378" mi="0" ci="4" mb="0" cb="2"/><line nr="379" mi="0" ci="3" mb="0" cb="0"/><line nr="380" mi="0" ci="3" mb="0" cb="0"/><line nr="381" mi="0" ci="4" mb="0" cb="0"/><line nr="382" mi="0" ci="6" mb="0" cb="0"/><line nr="383" mi="0" ci="3" mb="0" cb="0"/><line nr="384" mi="0" ci="5" mb="0" cb="2"/><line nr="385" mi="0" ci="3" mb="0" cb="0"/><line nr="386" mi="0" ci="3" mb="0" cb="0"/><line nr="387" mi="0" ci="4" mb="0" cb="0"/><line nr="388" mi="0" ci="6" mb="0" cb="0"/><line nr="389" mi="0" ci="3" mb="0" cb="0"/><line nr="390" mi="0" ci="5" mb="1" cb="1"/><line nr="391" mi="3" ci="0" mb="0" cb="0"/><line nr="392" mi="3" ci="0" mb="0" cb="0"/><line nr="393" mi="4" ci="0" mb="0" cb="0"/><line nr="394" mi="6" ci="0" mb="0" cb="0"/><line nr="395" mi="3" ci="0" mb="0" cb="0"/><line nr="396" mi="1" ci="4" mb="1" cb="1"/><line nr="397" mi="0" ci="3" mb="0" cb="0"/><line nr="398" mi="0" ci="3" mb="0" cb="0"/><line nr="399" mi="0" ci="4" mb="0" cb="0"/><line nr="400" mi="0" ci="6" mb="0" cb="0"/><line nr="401" mi="0" ci="3" mb="0" cb="0"/><line nr="403" mi="0" ci="11" mb="0" cb="0"/><line nr="404" mi="0" ci="3" mb="0" cb="0"/><line nr="405" mi="0" ci="1" mb="0" cb="0"/><line nr="413" mi="0" ci="4" mb="0" cb="0"/><line nr="414" mi="0" ci="1" mb="0" cb="0"/><line nr="422" mi="0" ci="5" mb="0" cb="0"/><line nr="423" mi="0" ci="4" mb="0" cb="0"/><line nr="424" mi="0" ci="4" mb="0" cb="0"/><line nr="425" mi="0" ci="3" mb="0" cb="0"/><line nr="426" mi="0" ci="4" mb="0" cb="0"/><line nr="427" mi="0" ci="5" mb="0" cb="0"/><line nr="428" mi="0" ci="3" mb="0" cb="0"/><line nr="430" mi="0" ci="17" mb="0" cb="0"/><line nr="431" mi="0" ci="5" mb="0" cb="0"/><line nr="432" mi="0" ci="5" mb="0" cb="0"/><line nr="434" mi="0" ci="1" mb="0" cb="0"/><line nr="442" mi="0" ci="4" mb="0" cb="0"/><line nr="443" mi="0" ci="4" mb="0" cb="0"/><line nr="444" mi="0" ci="3" mb="0" cb="0"/><line nr="445" mi="0" ci="4" mb="0" cb="0"/><line nr="446" mi="0" ci="3" mb="0" cb="0"/><line nr="447" mi="0" ci="4" mb="0" cb="0"/><line nr="448" mi="0" ci="4" mb="0" cb="0"/><line nr="449" mi="0" ci="5" mb="0" cb="0"/><line nr="450" mi="0" ci="4" mb="0" cb="0"/><line nr="451" mi="0" ci="19" mb="0" cb="0"/><line nr="452" mi="0" ci="8" mb="0" cb="0"/><line nr="453" mi="0" ci="5" mb="0" cb="0"/><line nr="454" mi="0" ci="1" mb="0" cb="0"/><line nr="463" mi="0" ci="4" mb="0" cb="0"/><line nr="464" mi="0" ci="3" mb="0" cb="0"/><line nr="465" mi="0" ci="6" mb="0" cb="0"/><line nr="466" mi="0" ci="5" mb="2" cb="2"/><line nr="467" mi="0" ci="5" mb="0" cb="0"/><line nr="469" mi="11" ci="0" mb="0" cb="0"/><line nr="470" mi="13" ci="0" mb="0" cb="0"/><line nr="480" mi="0" ci="4" mb="0" cb="0"/><line nr="481" mi="0" ci="4" mb="0" cb="0"/><line nr="482" mi="0" ci="4" mb="0" cb="0"/><line nr="483" mi="0" ci="4" mb="0" cb="0"/><line nr="484" mi="0" ci="5" mb="0" cb="0"/><line nr="485" mi="0" ci="3" mb="0" cb="0"/><line nr="486" mi="0" ci="17" mb="0" cb="0"/><line nr="487" mi="0" ci="5" mb="0" cb="0"/><line nr="488" mi="0" ci="1" mb="0" cb="0"/><line nr="496" mi="0" ci="4" mb="0" cb="0"/><line nr="497" mi="0" ci="4" mb="0" cb="0"/><line nr="498" mi="0" ci="4" mb="0" cb="0"/><line nr="499" mi="0" ci="4" mb="0" cb="0"/><line nr="500" mi="0" ci="4" mb="0" cb="0"/><line nr="501" mi="0" ci="5" mb="0" cb="0"/><line nr="502" mi="0" ci="3" mb="0" cb="0"/><line nr="503" mi="0" ci="22" mb="0" cb="0"/><line nr="504" mi="0" ci="5" mb="0" cb="0"/><line nr="505" mi="0" ci="1" mb="0" cb="0"/><line nr="514" mi="0" ci="11" mb="0" cb="2"/><line nr="515" mi="0" ci="4" mb="0" cb="0"/><line nr="516" mi="0" ci="4" mb="0" cb="0"/><line nr="517" mi="0" ci="5" mb="0" cb="0"/><line nr="518" mi="0" ci="4" mb="0" cb="0"/><line nr="519" mi="0" ci="5" mb="0" cb="0"/><line nr="520" mi="0" ci="3" mb="0" cb="0"/><line nr="521" mi="0" ci="5" mb="0" cb="0"/><line nr="522" mi="0" ci="1" mb="0" cb="0"/><line nr="523" mi="0" ci="1" mb="0" cb="0"/><line nr="532" mi="0" ci="11" mb="0" cb="2"/><line nr="533" mi="0" ci="4" mb="0" cb="0"/><line nr="534" mi="0" ci="5" mb="0" cb="0"/><line nr="535" mi="0" ci="4" mb="0" cb="0"/><line nr="536" mi="0" ci="4" mb="0" cb="0"/><line nr="537" mi="0" ci="5" mb="0" cb="0"/><line nr="538" mi="0" ci="3" mb="0" cb="0"/><line nr="539" mi="0" ci="5" mb="0" cb="0"/><line nr="540" mi="0" ci="1" mb="0" cb="0"/><line nr="541" mi="0" ci="1" mb="0" cb="0"/><line nr="549" mi="0" ci="4" mb="1" cb="1"/><line nr="550" mi="2" ci="0" mb="0" cb="0"/><line nr="551" mi="0" ci="4" mb="0" cb="2"/><line nr="552" mi="0" ci="2" mb="0" cb="0"/><line nr="553" mi="0" ci="4" mb="0" cb="2"/><line nr="554" mi="0" ci="2" mb="0" cb="0"/><line nr="555" mi="0" ci="4" mb="1" cb="1"/><line nr="556" mi="2" ci="0" mb="0" cb="0"/><line nr="557" mi="0" ci="4" mb="1" cb="1"/><line nr="558" mi="0" ci="2" mb="0" cb="0"/><line nr="560" mi="11" ci="0" mb="0" cb="0"/><line nr="561" mi="6" ci="0" mb="0" cb="0"/><line nr="571" mi="0" ci="3" mb="0" cb="0"/><line nr="572" mi="0" ci="2" mb="0" cb="0"/><line nr="573" mi="0" ci="6" mb="0" cb="0"/><line nr="574" mi="0" ci="2" mb="1" cb="1"/><line nr="575" mi="12" ci="0" mb="0" cb="0"/><line nr="576" mi="6" ci="0" mb="0" cb="0"/><line nr="578" mi="0" ci="7" mb="0" cb="0"/><line nr="579" mi="0" ci="7" mb="0" cb="0"/><line nr="580" mi="0" ci="6" mb="3" cb="3"/><line nr="581" mi="0" ci="2" mb="0" cb="0"/><line nr="582" mi="0" ci="4" mb="0" cb="2"/><line nr="583" mi="0" ci="5" mb="0" cb="0"/><line nr="586" mi="0" ci="11" mb="0" cb="0"/><line nr="587" mi="0" ci="2" mb="0" cb="0"/><line nr="595" mi="0" ci="4" mb="0" cb="0"/><line nr="596" mi="0" ci="4" mb="0" cb="0"/><line nr="597" mi="0" ci="7" mb="0" cb="0"/><line nr="598" mi="0" ci="2" mb="1" cb="1"/><line nr="599" mi="0" ci="13" mb="0" cb="0"/><line nr="600" mi="0" ci="2" mb="0" cb="0"/><line nr="602" mi="13" ci="0" mb="0" cb="0"/><line nr="603" mi="6" ci="0" mb="0" cb="0"/><line nr="617" mi="0" ci="5" mb="0" cb="0"/><line nr="618" mi="8" ci="2" mb="5" cb="1"/><line nr="619" mi="8" ci="0" mb="0" cb="0"/><line nr="620" mi="2" ci="0" mb="2" cb="0"/><line nr="621" mi="11" ci="0" mb="0" cb="0"/><line nr="622" mi="6" ci="0" mb="0" cb="0"/><line nr="624" mi="0" ci="2" mb="1" cb="1"/><line nr="625" mi="11" ci="0" mb="0" cb="0"/><line nr="626" mi="6" ci="0" mb="0" cb="0"/><line nr="628" mi="0" ci="2" mb="0" cb="0"/><line nr="641" mi="0" ci="5" mb="0" cb="0"/><line nr="642" mi="8" ci="2" mb="5" cb="1"/><line nr="643" mi="8" ci="0" mb="0" cb="0"/><line nr="644" mi="2" ci="0" mb="2" cb="0"/><line nr="645" mi="11" ci="0" mb="0" cb="0"/><line nr="646" mi="6" ci="0" mb="0" cb="0"/><line nr="648" mi="0" ci="2" mb="1" cb="1"/><line nr="649" mi="11" ci="0" mb="0" cb="0"/><line nr="650" mi="6" ci="0" mb="0" cb="0"/><line nr="652" mi="0" ci="2" mb="0" cb="0"/><line nr="661" mi="0" ci="6" mb="0" cb="0"/><line nr="662" mi="0" ci="12" mb="0" cb="0"/><line nr="663" mi="0" ci="2" mb="0" cb="0"/><line nr="671" mi="0" ci="5" mb="0" cb="0"/><line nr="672" mi="0" ci="12" mb="0" cb="0"/><line nr="673" mi="0" ci="2" mb="0" cb="0"/><line nr="681" mi="0" ci="6" mb="0" cb="0"/><line nr="682" mi="0" ci="12" mb="0" cb="0"/><line nr="683" mi="0" ci="2" mb="0" cb="0"/><line nr="693" mi="0" ci="8" mb="0" cb="0"/><line nr="694" mi="0" ci="2" mb="1" cb="1"/><line nr="695" mi="0" ci="5" mb="0" cb="0"/><line nr="696" mi="0" ci="3" mb="0" cb="0"/><line nr="698" mi="2" ci="0" mb="0" cb="0"/><line nr="706" mi="0" ci="7" mb="0" cb="0"/><line nr="707" mi="0" ci="6" mb="0" cb="0"/><line nr="708" mi="0" ci="5" mb="0" cb="0"/><line nr="709" mi="0" ci="11" mb="0" cb="0"/><line nr="710" mi="0" ci="2" mb="0" cb="0"/><line nr="726" mi="0" ci="4" mb="0" cb="0"/><line nr="727" mi="3" ci="7" mb="1" cb="1"/><line nr="728" mi="0" ci="3" mb="0" cb="0"/><line nr="729" mi="0" ci="4" mb="0" cb="0"/><line nr="730" mi="0" ci="4" mb="0" cb="0"/><line nr="731" mi="0" ci="5" mb="0" cb="0"/><line nr="732" mi="0" ci="5" mb="2" cb="2"/><line nr="733" mi="0" ci="10" mb="0" cb="2"/><line nr="734" mi="0" ci="5" mb="0" cb="0"/><line nr="735" mi="0" ci="3" mb="1" cb="1"/><line nr="736" mi="0" ci="4" mb="0" cb="0"/><line nr="738" mi="0" ci="1" mb="0" cb="0"/><line nr="739" mi="0" ci="4" mb="1" cb="1"/><line nr="740" mi="14" ci="0" mb="0" cb="0"/><line nr="743" mi="0" ci="2" mb="0" cb="0"/><line nr="754" mi="0" ci="4" mb="0" cb="0"/><line nr="755" mi="0" ci="3" mb="0" cb="0"/><line nr="756" mi="0" ci="3" mb="0" cb="0"/><line nr="757" mi="0" ci="3" mb="0" cb="0"/><line nr="758" mi="0" ci="4" mb="0" cb="0"/><line nr="759" mi="0" ci="6" mb="0" cb="0"/><line nr="760" mi="0" ci="4" mb="1" cb="1"/><line nr="761" mi="5" ci="5" mb="3" cb="1"/><line nr="762" mi="0" ci="5" mb="0" cb="0"/><line nr="764" mi="9" ci="0" mb="4" cb="0"/><line nr="765" mi="5" ci="0" mb="0" cb="0"/><line nr="766" mi="9" ci="0" mb="4" cb="0"/><line nr="767" mi="4" ci="0" mb="0" cb="0"/><line nr="769" mi="0" ci="3" mb="0" cb="0"/><line nr="770" mi="0" ci="3" mb="0" cb="0"/><line nr="771" mi="0" ci="3" mb="0" cb="0"/><line nr="772" mi="0" ci="2" mb="0" cb="0"/><line nr="776" mi="0" ci="4" mb="1" cb="1"/><line nr="777" mi="2" ci="0" mb="0" cb="0"/><line nr="778" mi="0" ci="4" mb="1" cb="1"/><line nr="779" mi="2" ci="0" mb="0" cb="0"/><line nr="780" mi="0" ci="4" mb="1" cb="1"/><line nr="781" mi="0" ci="2" mb="0" cb="0"/><line nr="782" mi="4" ci="0" mb="2" cb="0"/><line nr="783" mi="2" ci="0" mb="0" cb="0"/><line nr="784" mi="4" ci="0" mb="2" cb="0"/><line nr="785" mi="2" ci="0" mb="0" cb="0"/><line nr="787" mi="11" ci="0" mb="0" cb="0"/><line nr="788" mi="6" ci="0" mb="0" cb="0"/><line nr="804" mi="0" ci="4" mb="0" cb="0"/><line nr="805" mi="0" ci="3" mb="0" cb="0"/><line nr="806" mi="0" ci="5" mb="0" cb="0"/><line nr="807" mi="0" ci="5" mb="2" cb="2"/><line nr="808" mi="0" ci="9" mb="0" cb="0"/><line nr="810" mi="11" ci="0" mb="0" cb="0"/><line nr="811" mi="6" ci="0" mb="0" cb="0"/><line nr="821" mi="0" ci="4" mb="0" cb="0"/><line nr="822" mi="0" ci="3" mb="0" cb="0"/><line nr="823" mi="0" ci="3" mb="0" cb="0"/><line nr="824" mi="0" ci="3" mb="0" cb="0"/><line nr="825" mi="0" ci="3" mb="0" cb="0"/><line nr="826" mi="0" ci="3" mb="0" cb="0"/><line nr="827" mi="0" ci="4" mb="0" cb="0"/><line nr="829" mi="0" ci="3" mb="0" cb="0"/><line nr="830" mi="0" ci="3" mb="0" cb="0"/><line nr="831" mi="0" ci="4" mb="0" cb="0"/><line nr="832" mi="0" ci="3" mb="0" cb="0"/><line nr="833" mi="0" ci="2" mb="0" cb="0"/><line nr="848" mi="0" ci="4" mb="0" cb="0"/><line nr="849" mi="0" ci="3" mb="0" cb="0"/><line nr="850" mi="0" ci="4" mb="0" cb="0"/><line nr="851" mi="0" ci="5" mb="0" cb="0"/><line nr="852" mi="0" ci="5" mb="2" cb="2"/><line nr="853" mi="0" ci="9" mb="0" cb="0"/><line nr="854" mi="0" ci="2" mb="0" cb="0"/><line nr="864" mi="0" ci="4" mb="0" cb="0"/><line nr="865" mi="0" ci="3" mb="0" cb="0"/><line nr="866" mi="0" ci="3" mb="0" cb="0"/><line nr="867" mi="0" ci="3" mb="0" cb="0"/><line nr="868" mi="0" ci="3" mb="0" cb="0"/><line nr="869" mi="0" ci="3" mb="0" cb="0"/><line nr="871" mi="0" ci="3" mb="0" cb="0"/><line nr="872" mi="0" ci="4" mb="0" cb="0"/><line nr="873" mi="0" ci="4" mb="0" cb="0"/><line nr="874" mi="0" ci="4" mb="0" cb="0"/><line nr="875" mi="0" ci="2" mb="0" cb="0"/><line nr="888" mi="0" ci="2" mb="0" cb="0"/><line nr="891" mi="0" ci="2" mb="0" cb="0"/><line nr="893" mi="0" ci="3" mb="0" cb="0"/><line nr="895" mi="0" ci="4" mb="0" cb="0"/><line nr="897" mi="0" ci="3" mb="0" cb="0"/><line nr="899" mi="0" ci="4" mb="0" cb="0"/><line nr="900" mi="1" ci="0" mb="0" cb="0"/><line nr="901" mi="5" ci="0" mb="0" cb="0"/><line nr="902" mi="7" ci="0" mb="0" cb="0"/><line nr="903" mi="0" ci="1" mb="0" cb="0"/><line nr="904" mi="0" ci="2" mb="0" cb="0"/><line nr="912" mi="0" ci="2" mb="0" cb="0"/><line nr="913" mi="0" ci="3" mb="0" cb="0"/><line nr="914" mi="0" ci="4" mb="0" cb="0"/><line nr="916" mi="0" ci="5" mb="0" cb="0"/><line nr="917" mi="0" ci="2" mb="1" cb="1"/><line nr="919" mi="0" ci="5" mb="0" cb="0"/><line nr="920" mi="0" ci="2" mb="1" cb="1"/><line nr="922" mi="0" ci="3" mb="0" cb="0"/><line nr="923" mi="0" ci="7" mb="0" cb="0"/><line nr="924" mi="0" ci="1" mb="0" cb="0"/><line nr="925" mi="11" ci="0" mb="0" cb="0"/><line nr="926" mi="6" ci="0" mb="0" cb="0"/><line nr="929" mi="11" ci="0" mb="0" cb="0"/><line nr="930" mi="6" ci="0" mb="0" cb="0"/><line nr="932" mi="0" ci="2" mb="0" cb="0"/><line nr="943" mi="0" ci="3" mb="0" cb="0"/><line nr="944" mi="0" ci="4" mb="0" cb="0"/><line nr="945" mi="0" ci="4" mb="0" cb="0"/><line nr="946" mi="0" ci="3" mb="0" cb="0"/><line nr="947" mi="0" ci="4" mb="0" cb="0"/><line nr="948" mi="0" ci="3" mb="0" cb="0"/><line nr="949" mi="0" ci="3" mb="0" cb="0"/><line nr="950" mi="0" ci="3" mb="0" cb="0"/><line nr="951" mi="0" ci="5" mb="0" cb="0"/><line nr="952" mi="0" ci="11" mb="0" cb="0"/><line nr="953" mi="0" ci="6" mb="0" cb="0"/><line nr="954" mi="0" ci="3" mb="0" cb="0"/><line nr="967" mi="0" ci="9" mb="0" cb="0"/><line nr="968" mi="0" ci="2" mb="1" cb="1"/><line nr="969" mi="0" ci="5" mb="1" cb="1"/><line nr="970" mi="14" ci="0" mb="0" cb="0"/><line nr="971" mi="6" ci="0" mb="0" cb="0"/><line nr="973" mi="0" ci="5" mb="0" cb="0"/><line nr="974" mi="0" ci="5" mb="0" cb="0"/><line nr="975" mi="0" ci="5" mb="1" cb="1"/><line nr="976" mi="0" ci="3" mb="0" cb="0"/><line nr="977" mi="0" ci="3" mb="0" cb="0"/><line nr="978" mi="0" ci="5" mb="0" cb="0"/><line nr="979" mi="0" ci="6" mb="0" cb="0"/><line nr="981" mi="4" ci="0" mb="0" cb="0"/><line nr="982" mi="6" ci="0" mb="0" cb="0"/><line nr="985" mi="0" ci="1" mb="0" cb="0"/><line nr="996" mi="0" ci="8" mb="0" cb="0"/><line nr="997" mi="0" ci="2" mb="1" cb="1"/><line nr="998" mi="0" ci="5" mb="1" cb="1"/><line nr="999" mi="11" ci="0" mb="0" cb="0"/><line nr="1000" mi="6" ci="0" mb="0" cb="0"/><line nr="1002" mi="0" ci="2" mb="0" cb="0"/><line nr="1003" mi="0" ci="2" mb="0" cb="0"/><line nr="1004" mi="0" ci="4" mb="0" cb="0"/><line nr="1005" mi="0" ci="3" mb="0" cb="0"/><line nr="1006" mi="0" ci="3" mb="0" cb="0"/><line nr="1007" mi="0" ci="5" mb="0" cb="0"/><line nr="1008" mi="0" ci="5" mb="0" cb="0"/><line nr="1009" mi="0" ci="4" mb="0" cb="0"/><line nr="1010" mi="0" ci="4" mb="0" cb="0"/><line nr="1011" mi="1" ci="6" mb="1" cb="1"/><line nr="1012" mi="7" ci="3" mb="5" cb="1"/><line nr="1013" mi="4" ci="0" mb="0" cb="0"/><line nr="1014" mi="7" ci="3" mb="5" cb="1"/><line nr="1015" mi="3" ci="0" mb="0" cb="0"/><line nr="1016" mi="0" ci="3" mb="0" cb="0"/><line nr="1017" mi="0" ci="3" mb="0" cb="0"/><line nr="1018" mi="0" ci="4" mb="0" cb="0"/><line nr="1019" mi="0" ci="5" mb="0" cb="0"/><line nr="1020" mi="0" ci="3" mb="0" cb="0"/><line nr="1021" mi="0" ci="3" mb="0" cb="0"/><line nr="1023" mi="0" ci="1" mb="0" cb="0"/><line nr="1030" mi="0" ci="9" mb="0" cb="0"/><line nr="1031" mi="0" ci="2" mb="1" cb="1"/><line nr="1032" mi="3" ci="7" mb="1" cb="1"/><line nr="1033" mi="3" ci="7" mb="1" cb="1"/><line nr="1034" mi="2" ci="8" mb="1" cb="1"/><line nr="1035" mi="3" ci="7" mb="1" cb="1"/><line nr="1036" mi="3" ci="7" mb="1" cb="1"/><line nr="1037" mi="2" ci="8" mb="1" cb="1"/><line nr="1038" mi="2" ci="8" mb="1" cb="1"/><line nr="1039" mi="2" ci="8" mb="1" cb="1"/><line nr="1040" mi="2" ci="8" mb="1" cb="1"/><line nr="1041" mi="3" ci="7" mb="1" cb="1"/><line nr="1042" mi="0" ci="5" mb="0" cb="0"/><line nr="1043" mi="0" ci="5" mb="0" cb="0"/><line nr="1045" mi="0" ci="1" mb="0" cb="0"/><line nr="1056" mi="0" ci="8" mb="0" cb="0"/><line nr="1057" mi="0" ci="6" mb="0" cb="0"/><line nr="1058" mi="0" ci="5" mb="0" cb="0"/><line nr="1059" mi="0" ci="4" mb="0" cb="0"/><line nr="1060" mi="0" ci="4" mb="0" cb="2"/><line nr="1061" mi="0" ci="3" mb="1" cb="1"/><line nr="1062" mi="0" ci="4" mb="0" cb="0"/><line nr="1064" mi="1" ci="14" mb="1" cb="1"/><line nr="1065" mi="0" ci="8" mb="3" cb="3"/><line nr="1066" mi="0" ci="7" mb="0" cb="0"/><line nr="1067" mi="0" ci="7" mb="0" cb="0"/><line nr="1068" mi="0" ci="6" mb="0" cb="0"/><line nr="1069" mi="0" ci="5" mb="0" cb="0"/><line nr="1070" mi="0" ci="1" mb="0" cb="0"/><line nr="1071" mi="0" ci="7" mb="1" cb="3"/><line nr="1072" mi="0" ci="5" mb="0" cb="0"/><line nr="1073" mi="0" ci="7" mb="1" cb="3"/><line nr="1074" mi="0" ci="4" mb="0" cb="0"/><line nr="1076" mi="0" ci="5" mb="0" cb="0"/><line nr="1077" mi="0" ci="4" mb="0" cb="0"/><line nr="1078" mi="0" ci="5" mb="0" cb="0"/><line nr="1079" mi="0" ci="1" mb="0" cb="0"/><line nr="1088" mi="0" ci="5" mb="1" cb="1"/><line nr="1089" mi="0" ci="12" mb="0" cb="0"/><line nr="1090" mi="0" ci="6" mb="0" cb="0"/><line nr="1091" mi="0" ci="6" mb="0" cb="0"/><line nr="1092" mi="0" ci="5" mb="0" cb="0"/><line nr="1093" mi="0" ci="3" mb="0" cb="0"/><line nr="1094" mi="0" ci="4" mb="0" cb="0"/><line nr="1095" mi="0" ci="5" mb="0" cb="0"/><line nr="1096" mi="0" ci="5" mb="0" cb="0"/><line nr="1097" mi="0" ci="1" mb="0" cb="0"/><line nr="1098" mi="4" ci="0" mb="0" cb="0"/><line nr="1099" mi="6" ci="0" mb="0" cb="0"/><line nr="1101" mi="0" ci="1" mb="0" cb="0"/><line nr="1112" mi="0" ci="7" mb="0" cb="0"/><line nr="1113" mi="0" ci="3" mb="0" cb="0"/><line nr="1114" mi="0" ci="4" mb="0" cb="0"/><line nr="1115" mi="0" ci="1" mb="0" cb="0"/><line nr="1125" mi="0" ci="4" mb="0" cb="0"/><line nr="1126" mi="0" ci="4" mb="0" cb="0"/><line nr="1127" mi="0" ci="5" mb="0" cb="0"/><line nr="1128" mi="0" ci="1" mb="0" cb="0"/><line nr="1137" mi="0" ci="3" mb="0" cb="0"/><line nr="1138" mi="0" ci="3" mb="0" cb="0"/><line nr="1139" mi="0" ci="3" mb="0" cb="0"/><line nr="1140" mi="0" ci="3" mb="0" cb="0"/><line nr="1141" mi="0" ci="5" mb="0" cb="0"/><line nr="1142" mi="0" ci="5" mb="0" cb="0"/><line nr="1143" mi="0" ci="1" mb="0" cb="0"/><line nr="1153" mi="0" ci="3" mb="0" cb="0"/><line nr="1154" mi="0" ci="4" mb="0" cb="0"/><line nr="1155" mi="0" ci="5" mb="2" cb="2"/><line nr="1156" mi="0" ci="4" mb="0" cb="0"/><line nr="1157" mi="0" ci="7" mb="0" cb="0"/><line nr="1158" mi="0" ci="1" mb="0" cb="0"/><line nr="1160" mi="0" ci="4" mb="0" cb="0"/><line nr="1161" mi="0" ci="5" mb="0" cb="0"/><line nr="1162" mi="0" ci="6" mb="0" cb="0"/><line nr="1163" mi="0" ci="1" mb="0" cb="0"/><line nr="1164" mi="0" ci="5" mb="0" cb="0"/><line nr="1165" mi="0" ci="4" mb="0" cb="0"/><line nr="1166" mi="0" ci="5" mb="2" cb="2"/><line nr="1167" mi="0" ci="6" mb="0" cb="0"/><line nr="1168" mi="0" ci="7" mb="1" cb="1"/><line nr="1169" mi="2" ci="0" mb="0" cb="0"/><line nr="1170" mi="3" ci="0" mb="0" cb="0"/><line nr="1171" mi="4" ci="0" mb="0" cb="0"/><line nr="1172" mi="5" ci="0" mb="0" cb="0"/><line nr="1173" mi="5" ci="0" mb="0" cb="0"/><line nr="1175" mi="0" ci="1" mb="0" cb="0"/><line nr="1178" mi="0" ci="5" mb="0" cb="0"/><line nr="1179" mi="0" ci="4" mb="0" cb="0"/><line nr="1181" mi="4" ci="6" mb="1" cb="1"/><line nr="1182" mi="4" ci="0" mb="0" cb="0"/><line nr="1183" mi="5" ci="0" mb="0" cb="0"/><line nr="1184" mi="4" ci="0" mb="0" cb="0"/><line nr="1185" mi="4" ci="0" mb="0" cb="0"/><line nr="1186" mi="5" ci="0" mb="0" cb="0"/><line nr="1187" mi="3" ci="0" mb="0" cb="0"/><line nr="1188" mi="5" ci="0" mb="0" cb="0"/><line nr="1189" mi="1" ci="0" mb="0" cb="0"/><line nr="1191" mi="0" ci="5" mb="0" cb="0"/><line nr="1192" mi="0" ci="4" mb="0" cb="0"/><line nr="1193" mi="0" ci="5" mb="2" cb="2"/><line nr="1194" mi="0" ci="6" mb="0" cb="0"/><line nr="1195" mi="0" ci="12" mb="2" cb="2"/><line nr="1196" mi="2" ci="0" mb="0" cb="0"/><line nr="1197" mi="3" ci="0" mb="0" cb="0"/><line nr="1198" mi="4" ci="0" mb="0" cb="0"/><line nr="1199" mi="5" ci="0" mb="0" cb="0"/><line nr="1200" mi="5" ci="0" mb="0" cb="0"/><line nr="1202" mi="0" ci="1" mb="0" cb="0"/><line nr="1204" mi="0" ci="1" mb="0" cb="0"/><line nr="1214" mi="0" ci="3" mb="0" cb="0"/><line nr="1215" mi="0" ci="4" mb="0" cb="0"/><line nr="1216" mi="0" ci="5" mb="2" cb="2"/><line nr="1217" mi="0" ci="4" mb="0" cb="0"/><line nr="1218" mi="0" ci="7" mb="0" cb="0"/><line nr="1219" mi="0" ci="1" mb="0" cb="0"/><line nr="1221" mi="0" ci="4" mb="0" cb="0"/><line nr="1222" mi="0" ci="5" mb="0" cb="0"/><line nr="1223" mi="0" ci="6" mb="0" cb="0"/><line nr="1224" mi="0" ci="1" mb="0" cb="0"/><line nr="1225" mi="0" ci="5" mb="0" cb="0"/><line nr="1226" mi="0" ci="4" mb="0" cb="0"/><line nr="1227" mi="0" ci="5" mb="2" cb="2"/><line nr="1228" mi="0" ci="6" mb="0" cb="0"/><line nr="1229" mi="0" ci="7" mb="1" cb="1"/><line nr="1230" mi="2" ci="0" mb="0" cb="0"/><line nr="1231" mi="3" ci="0" mb="0" cb="0"/><line nr="1232" mi="4" ci="0" mb="0" cb="0"/><line nr="1233" mi="5" ci="0" mb="0" cb="0"/><line nr="1234" mi="5" ci="0" mb="0" cb="0"/><line nr="1236" mi="0" ci="1" mb="0" cb="0"/><line nr="1239" mi="0" ci="5" mb="0" cb="0"/><line nr="1240" mi="0" ci="4" mb="0" cb="0"/><line nr="1241" mi="4" ci="6" mb="1" cb="1"/><line nr="1242" mi="4" ci="0" mb="0" cb="0"/><line nr="1243" mi="5" ci="0" mb="0" cb="0"/><line nr="1244" mi="4" ci="0" mb="0" cb="0"/><line nr="1245" mi="4" ci="0" mb="0" cb="0"/><line nr="1246" mi="5" ci="0" mb="0" cb="0"/><line nr="1247" mi="3" ci="0" mb="0" cb="0"/><line nr="1248" mi="5" ci="0" mb="0" cb="0"/><line nr="1249" mi="1" ci="0" mb="0" cb="0"/><line nr="1251" mi="0" ci="5" mb="0" cb="0"/><line nr="1252" mi="0" ci="4" mb="0" cb="0"/><line nr="1253" mi="0" ci="5" mb="2" cb="2"/><line nr="1254" mi="0" ci="6" mb="0" cb="0"/><line nr="1255" mi="0" ci="12" mb="2" cb="2"/><line nr="1256" mi="2" ci="0" mb="0" cb="0"/><line nr="1257" mi="3" ci="0" mb="0" cb="0"/><line nr="1258" mi="4" ci="0" mb="0" cb="0"/><line nr="1259" mi="5" ci="0" mb="0" cb="0"/><line nr="1260" mi="5" ci="0" mb="0" cb="0"/><line nr="1262" mi="0" ci="1" mb="0" cb="0"/><line nr="1264" mi="0" ci="1" mb="0" cb="0"/><line nr="1272" mi="0" ci="9" mb="3" cb="3"/><line nr="1273" mi="0" ci="4" mb="0" cb="0"/><line nr="1274" mi="0" ci="6" mb="0" cb="0"/><line nr="1275" mi="0" ci="12" mb="0" cb="0"/><line nr="1276" mi="0" ci="5" mb="2" cb="2"/><line nr="1277" mi="0" ci="10" mb="0" cb="2"/><line nr="1278" mi="0" ci="3" mb="0" cb="0"/><line nr="1279" mi="0" ci="3" mb="0" cb="0"/><line nr="1280" mi="0" ci="3" mb="0" cb="0"/><line nr="1281" mi="0" ci="4" mb="0" cb="0"/><line nr="1282" mi="0" ci="5" mb="0" cb="0"/><line nr="1283" mi="0" ci="4" mb="0" cb="0"/><line nr="1284" mi="0" ci="1" mb="0" cb="0"/><line nr="1285" mi="0" ci="5" mb="0" cb="0"/><line nr="1288" mi="0" ci="1" mb="0" cb="0"/><line nr="1299" mi="0" ci="4" mb="0" cb="0"/><line nr="1300" mi="0" ci="2" mb="0" cb="0"/><line nr="1301" mi="0" ci="3" mb="0" cb="0"/><line nr="1302" mi="0" ci="2" mb="1" cb="1"/><line nr="1303" mi="3" ci="0" mb="0" cb="0"/><line nr="1304" mi="6" ci="0" mb="0" cb="0"/><line nr="1306" mi="0" ci="4" mb="0" cb="2"/><line nr="1307" mi="0" ci="5" mb="0" cb="0"/><line nr="1308" mi="0" ci="3" mb="0" cb="0"/><line nr="1309" mi="0" ci="9" mb="0" cb="4"/><line nr="1310" mi="0" ci="6" mb="0" cb="0"/><line nr="1311" mi="0" ci="3" mb="0" cb="0"/><line nr="1312" mi="0" ci="5" mb="1" cb="1"/><line nr="1313" mi="0" ci="7" mb="0" cb="0"/><line nr="1314" mi="0" ci="5" mb="2" cb="2"/><line nr="1315" mi="5" ci="0" mb="0" cb="0"/><line nr="1316" mi="3" ci="0" mb="0" cb="0"/><line nr="1319" mi="2" ci="8" mb="1" cb="1"/><line nr="1320" mi="0" ci="19" mb="0" cb="0"/><line nr="1321" mi="0" ci="3" mb="0" cb="0"/><line nr="1322" mi="0" ci="9" mb="2" cb="4"/><line nr="1323" mi="0" ci="3" mb="0" cb="0"/><line nr="1324" mi="0" ci="4" mb="0" cb="0"/><line nr="1325" mi="0" ci="4" mb="0" cb="0"/><line nr="1326" mi="0" ci="4" mb="0" cb="0"/><line nr="1327" mi="0" ci="12" mb="0" cb="0"/><line nr="1329" mi="2" ci="8" mb="1" cb="1"/><line nr="1330" mi="0" ci="7" mb="2" cb="2"/><line nr="1331" mi="7" ci="6" mb="3" cb="1"/><line nr="1332" mi="4" ci="0" mb="0" cb="0"/><line nr="1335" mi="3" ci="7" mb="1" cb="1"/><line nr="1336" mi="3" ci="7" mb="1" cb="1"/><line nr="1337" mi="3" ci="7" mb="1" cb="1"/><line nr="1338" mi="2" ci="8" mb="1" cb="1"/><line nr="1339" mi="0" ci="7" mb="2" cb="2"/><line nr="1340" mi="7" ci="6" mb="3" cb="1"/><line nr="1341" mi="4" ci="0" mb="0" cb="0"/><line nr="1344" mi="2" ci="8" mb="1" cb="1"/><line nr="1345" mi="2" ci="8" mb="1" cb="1"/><line nr="1346" mi="2" ci="8" mb="1" cb="1"/><line nr="1347" mi="2" ci="8" mb="1" cb="1"/><line nr="1349" mi="2" ci="8" mb="1" cb="1"/><line nr="1350" mi="2" ci="8" mb="1" cb="1"/><line nr="1351" mi="2" ci="8" mb="1" cb="1"/><line nr="1352" mi="2" ci="8" mb="1" cb="1"/><line nr="1354" mi="2" ci="8" mb="1" cb="1"/><line nr="1355" mi="0" ci="5" mb="0" cb="0"/><line nr="1356" mi="0" ci="2" mb="0" cb="0"/><line nr="1360" mi="8" ci="0" mb="4" cb="0"/><line nr="1361" mi="7" ci="0" mb="0" cb="0"/><line nr="1362" mi="5" ci="0" mb="4" cb="0"/><line nr="1363" mi="3" ci="0" mb="0" cb="0"/><line nr="1364" mi="3" ci="0" mb="0" cb="0"/><line nr="1365" mi="1" ci="0" mb="0" cb="0"/><line nr="1366" mi="5" ci="0" mb="0" cb="0"/><line nr="1368" mi="9" ci="0" mb="4" cb="0"/><line nr="1369" mi="7" ci="0" mb="0" cb="0"/><line nr="1370" mi="5" ci="0" mb="4" cb="0"/><line nr="1371" mi="3" ci="0" mb="0" cb="0"/><line nr="1372" mi="3" ci="0" mb="0" cb="0"/><line nr="1373" mi="1" ci="0" mb="0" cb="0"/><line nr="1374" mi="5" ci="0" mb="0" cb="0"/><line nr="1376" mi="13" ci="0" mb="6" cb="0"/><line nr="1377" mi="6" ci="0" mb="0" cb="0"/><line nr="1378" mi="3" ci="0" mb="0" cb="0"/><line nr="1379" mi="5" ci="0" mb="0" cb="0"/><line nr="1380" mi="13" ci="0" mb="6" cb="0"/><line nr="1381" mi="6" ci="0" mb="0" cb="0"/><line nr="1382" mi="3" ci="0" mb="0" cb="0"/><line nr="1383" mi="5" ci="0" mb="0" cb="0"/><line nr="1385" mi="1" ci="0" mb="0" cb="0"/><line nr="1398" mi="0" ci="3" mb="1" cb="1"/><line nr="1399" mi="0" ci="15" mb="0" cb="0"/><line nr="1400" mi="0" ci="8" mb="0" cb="0"/><line nr="1402" mi="4" ci="0" mb="0" cb="0"/><line nr="1403" mi="6" ci="0" mb="0" cb="0"/><line nr="1405" mi="0" ci="1" mb="0" cb="0"/><line nr="1418" mi="0" ci="4" mb="0" cb="0"/><line nr="1419" mi="0" ci="3" mb="0" cb="0"/><line nr="1420" mi="0" ci="8" mb="0" cb="0"/><line nr="1421" mi="0" ci="2" mb="1" cb="1"/><line nr="1422" mi="11" ci="0" mb="0" cb="0"/><line nr="1423" mi="6" ci="0" mb="0" cb="0"/><line nr="1425" mi="0" ci="6" mb="0" cb="0"/><line nr="1426" mi="0" ci="3" mb="0" cb="0"/><line nr="1427" mi="0" ci="3" mb="0" cb="0"/><line nr="1428" mi="0" ci="5" mb="0" cb="0"/><line nr="1429" mi="0" ci="5" mb="0" cb="0"/><line nr="1430" mi="0" ci="3" mb="0" cb="0"/><line nr="1431" mi="0" ci="20" mb="0" cb="0"/><line nr="1432" mi="0" ci="5" mb="0" cb="0"/><line nr="1433" mi="0" ci="1" mb="0" cb="0"/><line nr="1443" mi="0" ci="4" mb="0" cb="0"/><line nr="1444" mi="0" ci="8" mb="0" cb="0"/><line nr="1445" mi="0" ci="2" mb="1" cb="1"/><line nr="1446" mi="0" ci="3" mb="0" cb="0"/><line nr="1447" mi="0" ci="6" mb="0" cb="0"/><line nr="1449" mi="11" ci="0" mb="0" cb="0"/><line nr="1450" mi="6" ci="0" mb="0" cb="0"/><line nr="1452" mi="0" ci="2" mb="0" cb="0"/><line nr="1457" mi="0" ci="4" mb="0" cb="0"/><line nr="1458" mi="0" ci="4" mb="0" cb="4"/><line nr="1459" mi="0" ci="6" mb="0" cb="0"/><line nr="1460" mi="0" ci="5" mb="0" cb="0"/><line nr="1461" mi="0" ci="4" mb="0" cb="4"/><line nr="1462" mi="0" ci="6" mb="1" cb="1"/><line nr="1463" mi="0" ci="4" mb="0" cb="0"/><line nr="1464" mi="0" ci="5" mb="0" cb="0"/><line nr="1466" mi="4" ci="0" mb="0" cb="0"/><line nr="1467" mi="6" ci="0" mb="0" cb="0"/><line nr="1469" mi="0" ci="4" mb="1" cb="3"/><line nr="1470" mi="0" ci="6" mb="1" cb="1"/><line nr="1471" mi="0" ci="4" mb="0" cb="0"/><line nr="1472" mi="0" ci="5" mb="0" cb="0"/><line nr="1474" mi="4" ci="0" mb="0" cb="0"/><line nr="1475" mi="6" ci="0" mb="0" cb="0"/><line nr="1478" mi="0" ci="8" mb="0" cb="0"/><line nr="1479" mi="0" ci="5" mb="2" cb="2"/><line nr="1480" mi="0" ci="9" mb="0" cb="0"/><line nr="1482" mi="11" ci="0" mb="0" cb="0"/><line nr="1483" mi="6" ci="0" mb="0" cb="0"/><line nr="1488" mi="0" ci="4" mb="0" cb="0"/><line nr="1489" mi="0" ci="4" mb="0" cb="0"/><line nr="1490" mi="0" ci="5" mb="0" cb="0"/><line nr="1491" mi="0" ci="5" mb="0" cb="0"/><line nr="1492" mi="0" ci="5" mb="0" cb="0"/><line nr="1493" mi="0" ci="6" mb="0" cb="0"/><line nr="1494" mi="0" ci="2" mb="0" cb="0"/><counter type="INSTRUCTION" missed="934" covered="2797"/><counter type="BRANCH" missed="213" covered="193"/><counter type="LINE" missed="143" covered="603"/><counter type="COMPLEXITY" missed="180" covered="90"/><counter type="METHOD" missed="4" covered="63"/><counter type="CLASS" missed="0" covered="1"/></sourcefile><counter type="INSTRUCTION" missed="934" covered="2797"/><counter type="BRANCH" missed="213" covered="193"/><counter type="LINE" missed="143" covered="603"/><counter type="COMPLEXITY" missed="180" covered="90"/><counter type="METHOD" missed="4" covered="63"/><counter type="CLASS" missed="0" covered="1"/></package><package name="com/painscript/usermanagement/proxies"><class name="com/painscript/usermanagement/proxies/AuditLogProxy" sourcefilename="AuditLogProxy.java"/><class name="com/painscript/usermanagement/proxies/UtilProxy" sourcefilename="UtilProxy.java"/><sourcefile name="UtilProxy.java"/><sourcefile name="AuditLogProxy.java"/></package><package name="com/painscript/usermanagement/service"><class name="com/painscript/usermanagement/service/UserManagementService" sourcefilename="UserManagementService.java"><method name="generateDefaultPassword" desc="()Ljava/lang/String;" line="44"><counter type="INSTRUCTION" missed="0" covered="20"/><counter type="LINE" missed="0" covered="4"/><counter type="COMPLEXITY" missed="0" covered="1"/><counter type="METHOD" missed="0" covered="1"/></method><counter type="INSTRUCTION" missed="0" covered="20"/><counter type="LINE" missed="0" covered="4"/><counter type="COMPLEXITY" missed="0" covered="1"/><counter type="METHOD" missed="0" covered="1"/><counter type="CLASS" missed="0" covered="1"/></class><sourcefile name="UserManagementService.java"><line nr="44" mi="0" ci="4" mb="0" cb="0"/><line nr="45" mi="0" ci="12" mb="0" cb="0"/><line nr="46" mi="0" ci="2" mb="0" cb="0"/><line nr="47" mi="0" ci="2" mb="0" cb="0"/><counter type="INSTRUCTION" missed="0" covered="20"/><counter type="LINE" missed="0" covered="4"/><counter type="COMPLEXITY" missed="0" covered="1"/><counter type="METHOD" missed="0" covered="1"/><counter type="CLASS" missed="0" covered="1"/></sourcefile><counter type="INSTRUCTION" missed="0" covered="20"/><counter type="LINE" missed="0" covered="4"/><counter type="COMPLEXITY" missed="0" covered="1"/><counter type="METHOD" missed="0" covered="1"/><counter type="CLASS" missed="0" covered="1"/></package><package name="com/painscript/usermanagement/constants"><class name="com/painscript/usermanagement/constants/UserManagementConstants" sourcefilename="UserManagementConstants.java"/><sourcefile name="UserManagementConstants.java"/></package><package name="com/painscript/usermanagement/exception"><class name="com/painscript/usermanagement/exception/PainscriptBusinessException" sourcefilename="PainscriptBusinessException.java"><method name="&lt;init&gt;" desc="(Ljava/lang/String;Ljava/lang/String;)V" line="26"><counter type="INSTRUCTION" missed="0" covered="7"/><counter type="LINE" missed="0" covered="3"/><counter type="COMPLEXITY" missed="0" covered="1"/><counter type="METHOD" missed="0" covered="1"/></method><method name="getErrorCode" desc="()Ljava/lang/String;" line="34"><counter type="INSTRUCTION" missed="0" covered="3"/><counter type="LINE" missed="0" covered="1"/><counter type="COMPLEXITY" missed="0" covered="1"/><counter type="METHOD" missed="0" covered="1"/></method><method name="setErrorCode" desc="(Ljava/lang/String;)V" line="41"><counter type="INSTRUCTION" missed="4" covered="0"/><counter type="LINE" missed="2" covered="0"/><counter type="COMPLEXITY" missed="1" covered="0"/><counter type="METHOD" missed="1" covered="0"/></method><counter type="INSTRUCTION" missed="4" covered="10"/><counter type="LINE" missed="2" covered="4"/><counter type="COMPLEXITY" missed="1" covered="2"/><counter type="METHOD" missed="1" covered="2"/><counter type="CLASS" missed="0" covered="1"/></class><sourcefile name="PainscriptBusinessException.java"><line nr="26" mi="0" ci="3" mb="0" cb="0"/><line nr="27" mi="0" ci="3" mb="0" cb="0"/><line nr="28" mi="0" ci="1" mb="0" cb="0"/><line nr="34" mi="0" ci="3" mb="0" cb="0"/><line nr="41" mi="3" ci="0" mb="0" cb="0"/><line nr="42" mi="1" ci="0" mb="0" cb="0"/><counter type="INSTRUCTION" missed="4" covered="10"/><counter type="LINE" missed="2" covered="4"/><counter type="COMPLEXITY" missed="1" covered="2"/><counter type="METHOD" missed="1" covered="2"/><counter type="CLASS" missed="0" covered="1"/></sourcefile><counter type="INSTRUCTION" missed="4" covered="10"/><counter type="LINE" missed="2" covered="4"/><counter type="COMPLEXITY" missed="1" covered="2"/><counter type="METHOD" missed="1" covered="2"/><counter type="CLASS" missed="0" covered="1"/></package><package name="com/painscript/usermanagement/repositoryimpl"><class name="com/painscript/usermanagement/repositoryimpl/UserManagementRepositoryImpl" sourcefilename="UserManagementRepositoryImpl.java"><method name="&lt;init&gt;" desc="()V" line="32"><counter type="INSTRUCTION" missed="0" covered="8"/><counter type="LINE" missed="0" covered="2"/><counter type="COMPLEXITY" missed="0" covered="1"/><counter type="METHOD" missed="0" covered="1"/></method><method name="checkEmailExistance" desc="(Ljava/lang/String;Ljava/lang/String;I)Z" line="60"><counter type="INSTRUCTION" missed="24" covered="69"/><counter type="BRANCH" missed="4" covered="6"/><counter type="LINE" missed="2" covered="12"/><counter type="COMPLEXITY" missed="4" covered="2"/><counter type="METHOD" missed="0" covered="1"/></method><method name="checkPhoneExistance" desc="(Ljava/lang/String;Ljava/lang/String;I)Z" line="91"><counter type="INSTRUCTION" missed="24" covered="69"/><counter type="BRANCH" missed="4" covered="6"/><counter type="LINE" missed="2" covered="12"/><counter type="COMPLEXITY" missed="4" covered="2"/><counter type="METHOD" missed="0" covered="1"/></method><method name="getAdminDashboardData" desc="(Ljava/lang/Integer;Ljava/lang/String;)Ljava/lang/Object;" line="119"><counter type="INSTRUCTION" missed="2" covered="65"/><counter type="BRANCH" missed="3" covered="3"/><counter type="LINE" missed="1" covered="14"/><counter type="COMPLEXITY" missed="3" covered="1"/><counter type="METHOD" missed="0" covered="1"/></method><method name="getSiteAdminDashboardData" desc="(Ljava/lang/Integer;)Ljava/lang/Object;" line="147"><counter type="INSTRUCTION" missed="2" covered="58"/><counter type="BRANCH" missed="3" covered="3"/><counter type="LINE" missed="1" covered="13"/><counter type="COMPLEXITY" missed="3" covered="1"/><counter type="METHOD" missed="0" covered="1"/></method><method name="getPhysicianDashboardData" desc="(Ljava/lang/Integer;Ljava/lang/Integer;)Ljava/lang/Object;" line="174"><counter type="INSTRUCTION" missed="2" covered="65"/><counter type="BRANCH" missed="3" covered="3"/><counter type="LINE" missed="1" covered="14"/><counter type="COMPLEXITY" missed="3" covered="1"/><counter type="METHOD" missed="0" covered="1"/></method><method name="createLicenses" desc="(Ljava/lang/Integer;ILjava/lang/String;)V" line="205"><counter type="INSTRUCTION" missed="13" covered="38"/><counter type="BRANCH" missed="1" covered="1"/><counter type="LINE" missed="1" covered="9"/><counter type="COMPLEXITY" missed="1" covered="1"/><counter type="METHOD" missed="0" covered="1"/></method><counter type="INSTRUCTION" missed="67" covered="372"/><counter type="BRANCH" missed="18" covered="22"/><counter type="LINE" missed="8" covered="76"/><counter type="COMPLEXITY" missed="18" covered="9"/><counter type="METHOD" missed="0" covered="7"/><counter type="CLASS" missed="0" covered="1"/></class><sourcefile name="UserManagementRepositoryImpl.java"><line nr="32" mi="0" ci="2" mb="0" cb="0"/><line nr="37" mi="0" ci="6" mb="0" cb="0"/><line nr="60" mi="0" ci="2" mb="0" cb="0"/><line nr="61" mi="0" ci="4" mb="0" cb="0"/><line nr="62" mi="0" ci="4" mb="0" cb="0"/><line nr="63" mi="0" ci="4" mb="0" cb="0"/><line nr="64" mi="0" ci="12" mb="0" cb="0"/><line nr="65" mi="0" ci="5" mb="2" cb="2"/><line nr="66" mi="0" ci="12" mb="0" cb="0"/><line nr="67" mi="0" ci="10" mb="0" cb="2"/><line nr="68" mi="0" ci="11" mb="2" cb="2"/><line nr="69" mi="11" ci="0" mb="0" cb="0"/><line nr="70" mi="13" ci="0" mb="0" cb="0"/><line nr="72" mi="0" ci="2" mb="0" cb="0"/><line nr="74" mi="0" ci="1" mb="0" cb="0"/><line nr="76" mi="0" ci="2" mb="0" cb="0"/><line nr="91" mi="0" ci="2" mb="0" cb="0"/><line nr="92" mi="0" ci="4" mb="0" cb="0"/><line nr="93" mi="0" ci="4" mb="0" cb="0"/><line nr="94" mi="0" ci="4" mb="0" cb="0"/><line nr="95" mi="0" ci="12" mb="0" cb="0"/><line nr="96" mi="0" ci="5" mb="2" cb="2"/><line nr="97" mi="0" ci="12" mb="0" cb="0"/><line nr="98" mi="0" ci="10" mb="0" cb="2"/><line nr="99" mi="0" ci="11" mb="2" cb="2"/><line nr="100" mi="11" ci="0" mb="0" cb="0"/><line nr="101" mi="13" ci="0" mb="0" cb="0"/><line nr="103" mi="0" ci="2" mb="0" cb="0"/><line nr="105" mi="0" ci="1" mb="0" cb="0"/><line nr="107" mi="0" ci="2" mb="0" cb="0"/><line nr="119" mi="0" ci="4" mb="0" cb="0"/><line nr="120" mi="0" ci="4" mb="0" cb="0"/><line nr="121" mi="0" ci="6" mb="0" cb="0"/><line nr="122" mi="0" ci="7" mb="0" cb="0"/><line nr="123" mi="0" ci="5" mb="0" cb="0"/><line nr="124" mi="0" ci="7" mb="2" cb="2"/><line nr="125" mi="0" ci="4" mb="0" cb="0"/><line nr="126" mi="0" ci="8" mb="0" cb="0"/><line nr="127" mi="0" ci="4" mb="0" cb="0"/><line nr="128" mi="0" ci="6" mb="0" cb="0"/><line nr="130" mi="0" ci="2" mb="0" cb="0"/><line nr="131" mi="0" ci="2" mb="0" cb="0"/><line nr="132" mi="0" ci="3" mb="1" cb="1"/><line nr="133" mi="0" ci="3" mb="0" cb="0"/><line nr="135" mi="2" ci="0" mb="0" cb="0"/><line nr="147" mi="0" ci="4" mb="0" cb="0"/><line nr="148" mi="0" ci="4" mb="0" cb="0"/><line nr="149" mi="0" ci="6" mb="0" cb="0"/><line nr="150" mi="0" ci="5" mb="0" cb="0"/><line nr="151" mi="0" ci="7" mb="2" cb="2"/><line nr="152" mi="0" ci="4" mb="0" cb="0"/><line nr="153" mi="0" ci="8" mb="0" cb="0"/><line nr="154" mi="0" ci="4" mb="0" cb="0"/><line nr="155" mi="0" ci="6" mb="0" cb="0"/><line nr="157" mi="0" ci="2" mb="0" cb="0"/><line nr="158" mi="0" ci="2" mb="0" cb="0"/><line nr="159" mi="0" ci="3" mb="1" cb="1"/><line nr="160" mi="0" ci="3" mb="0" cb="0"/><line nr="162" mi="2" ci="0" mb="0" cb="0"/><line nr="174" mi="0" ci="4" mb="0" cb="0"/><line nr="175" mi="0" ci="4" mb="0" cb="0"/><line nr="176" mi="0" ci="6" mb="0" cb="0"/><line nr="177" mi="0" ci="7" mb="0" cb="0"/><line nr="178" mi="0" ci="5" mb="0" cb="0"/><line nr="179" mi="0" ci="7" mb="2" cb="2"/><line nr="180" mi="0" ci="4" mb="0" cb="0"/><line nr="181" mi="0" ci="8" mb="0" cb="0"/><line nr="182" mi="0" ci="4" mb="0" cb="0"/><line nr="183" mi="0" ci="6" mb="0" cb="0"/><line nr="185" mi="0" ci="2" mb="0" cb="0"/><line nr="186" mi="0" ci="2" mb="0" cb="0"/><line nr="187" mi="0" ci="3" mb="1" cb="1"/><line nr="188" mi="0" ci="3" mb="0" cb="0"/><line nr="190" mi="2" ci="0" mb="0" cb="0"/><line nr="205" mi="0" ci="4" mb="0" cb="0"/><line nr="206" mi="0" ci="6" mb="0" cb="0"/><line nr="207" mi="0" ci="7" mb="0" cb="0"/><line nr="208" mi="0" ci="8" mb="0" cb="0"/><line nr="209" mi="0" ci="5" mb="0" cb="0"/><line nr="210" mi="0" ci="3" mb="1" cb="1"/><line nr="211" mi="13" ci="0" mb="0" cb="0"/><line nr="213" mi="0" ci="2" mb="0" cb="0"/><line nr="214" mi="0" ci="2" mb="0" cb="0"/><line nr="215" mi="0" ci="1" mb="0" cb="0"/><counter type="INSTRUCTION" missed="67" covered="372"/><counter type="BRANCH" missed="18" covered="22"/><counter type="LINE" missed="8" covered="76"/><counter type="COMPLEXITY" missed="18" covered="9"/><counter type="METHOD" missed="0" covered="7"/><counter type="CLASS" missed="0" covered="1"/></sourcefile><counter type="INSTRUCTION" missed="67" covered="372"/><counter type="BRANCH" missed="18" covered="22"/><counter type="LINE" missed="8" covered="76"/><counter type="COMPLEXITY" missed="18" covered="9"/><counter type="METHOD" missed="0" covered="7"/><counter type="CLASS" missed="0" covered="1"/></package><package name="com/painscript/usermanagement/repository"><class name="com/painscript/usermanagement/repository/LicenseAssignmentRepository" sourcefilename="LicenseAssignmentRepository.java"/><class name="com/painscript/usermanagement/repository/SiteRepository" sourcefilename="SiteRepository.java"/><class name="com/painscript/usermanagement/repository/UserRepository" sourcefilename="UserRepository.java"/><class name="com/painscript/usermanagement/repository/SitePatientRepository" sourcefilename="SitePatientRepository.java"/><class name="com/painscript/usermanagement/repository/SiteUserRepository" sourcefilename="SiteUserRepository.java"/><class name="com/painscript/usermanagement/repository/UserManagementRepository" sourcefilename="UserManagementRepository.java"/><class name="com/painscript/usermanagement/repository/LicenseWorkflowRepository" sourcefilename="LicenseWorkflowRepository.java"/><class name="com/painscript/usermanagement/repository/NotificationRepository" sourcefilename="NotificationRepository.java"/><class name="com/painscript/usermanagement/repository/PhysicianSpecialityRepository" sourcefilename="PhysicianSpecialityRepository.java"/><class name="com/painscript/usermanagement/repository/PatientDisorderRepository" sourcefilename="PatientDisorderRepository.java"/><sourcefile name="PatientDisorderRepository.java"/><sourcefile name="LicenseWorkflowRepository.java"/><sourcefile name="LicenseAssignmentRepository.java"/><sourcefile name="UserRepository.java"/><sourcefile name="NotificationRepository.java"/><sourcefile name="UserManagementRepository.java"/><sourcefile name="PhysicianSpecialityRepository.java"/><sourcefile name="SitePatientRepository.java"/><sourcefile name="SiteRepository.java"/><sourcefile name="SiteUserRepository.java"/></package><counter type="INSTRUCTION" missed="1031" covered="4274"/><counter type="BRANCH" missed="237" covered="225"/><counter type="LINE" missed="159" covered="848"/><counter type="COMPLEXITY" missed="205" covered="133"/><counter type="METHOD" missed="5" covered="102"/><counter type="CLASS" missed="0" covered="7"/></report>