GROUP,PACKAGE,CLASS,INSTRUCTION_MISSED,INSTRUCTION_COVERED,BRANCH_MISSED,BRANCH_COVERED,LINE_MISSED,LINE_COVERED,COMPLEXITY_MISSED,COMPLEXITY_COVERED,METHOD_MISSED,METHOD_COVERED
manage-survey-service,com.painscript.managesurvey.controller,HealthController,0,20,0,0,0,6,0,3,0,3
manage-survey-service,com.painscript.managesurvey.controller,ExceptionControllerAdvice,49,3,2,0,11,1,2,1,1,1
manage-survey-service,com.painscript.managesurvey.controller,ManageSurveyController,28,512,3,17,6,83,3,21,0,14
manage-survey-service,com.painscript.managesurvey.exception,PainscriptBusinessException,7,7,0,0,3,3,2,1,2,1
manage-survey-service,com.painscript.managesurvey.serviceimpl,ManageSurveyServiceImpl,290,1546,74,100,40,310,71,45,0,29
