GROUP,PACKAGE,CLASS,INSTRUCTION_MISSED,INSTRUCTION_COVERED,BRANCH_MISSED,BRANCH_COVERED,LINE_MISSED,LINE_COVERED,COMPLEXITY_MISSED,COMPLEXITY_COVERED,METHOD_MISSED,METHOD_COVERED
util-service,com.painscript.util.helper,NotificationParameter,48,0,0,0,8,0,3,0,3,0
util-service,com.painscript.util.helper,DynamicNotificationHelper,3,209,2,18,1,42,3,11,1,3
util-service,com.painscript.util.serviceimpl,UtilServiceImpl,197,857,41,55,25,196,39,30,1,20
util-service,com.painscript.util.controller,ExceptionControllerAdvice,0,50,0,2,0,11,0,3,0,2
util-service,com.painscript.util.controller,UtilController,26,519,5,7,6,84,5,22,0,21
util-service,com.painscript.util.controller,HealthController,0,20,0,0,0,6,0,3,0,3
util-service,com.painscript.util.exception,PainscriptBusinessException,4,10,0,0,2,4,1,2,1,2
util-service,com.painscript.util.repositoryimpl,UtilRepositoryImpl,11,198,5,13,4,52,5,8,0,4
